2026-01-28 16:17:26,089 - INFO - 
2026-01-28 16:17:26,089 - INFO - ================================================================================
2026-01-28 16:17:26,089 - INFO - MULTI-MARKET FALLEN ANGEL SCANNER
2026-01-28 16:17:26,089 - INFO - ================================================================================
2026-01-28 16:17:26,089 - INFO - 
2026-01-28 16:17:26,089 - INFO - ================================================================================
2026-01-28 16:17:26,089 - INFO - ðŸŒ MULTI-MARKET FALLEN ANGEL SCANNER
2026-01-28 16:17:26,089 - INFO - ================================================================================
2026-01-28 16:17:26,089 - INFO - Scanning: US, Poland, UK, Israel, Germany
2026-01-28 16:17:26,089 - INFO - Looking for: 20%+ drops over 30 days
2026-01-28 16:17:26,089 - INFO - Min market cap: $2.0B
2026-01-28 16:17:26,089 - INFO - ================================================================================
2026-01-28 16:17:26,276 - INFO - Total tickers to scan: 655
2026-01-28 16:17:26,276 - INFO - 
2026-01-28 16:17:26,276 - INFO - Scanning TTD (ðŸ‡ºðŸ‡¸ US) (1/655)...
2026-01-28 16:17:26,834 - INFO - Scanning LULU (ðŸ‡ºðŸ‡¸ US) (2/655)...
2026-01-28 16:17:27,167 - INFO - Scanning CDW (ðŸ‡ºðŸ‡¸ US) (3/655)...
2026-01-28 16:17:27,463 - INFO - Scanning GFS (ðŸ‡ºðŸ‡¸ US) (4/655)...
2026-01-28 16:17:27,729 - INFO - Scanning ON (ðŸ‡ºðŸ‡¸ US) (5/655)...
2026-01-28 16:17:27,955 - INFO - Scanning BIIB (ðŸ‡ºðŸ‡¸ US) (6/655)...
2026-01-28 16:17:28,182 - INFO - Scanning ENPH (ðŸ‡ºðŸ‡¸ US) (7/655)...
2026-01-28 16:17:28,444 - INFO - Scanning CZR (ðŸ‡ºðŸ‡¸ US) (8/655)...
2026-01-28 16:17:28,673 - INFO - Scanning MKTX (ðŸ‡ºðŸ‡¸ US) (9/655)...
2026-01-28 16:17:28,938 - INFO - Scanning ZS (ðŸ‡ºðŸ‡¸ US) (10/655)...
2026-01-28 16:17:29,155 - INFO - Scanning RIVN (ðŸ‡ºðŸ‡¸ US) (11/655)...
2026-01-28 16:17:29,403 - INFO - Scanning LCID (ðŸ‡ºðŸ‡¸ US) (12/655)...
2026-01-28 16:17:29,745 - INFO - Scanning MRNA (ðŸ‡ºðŸ‡¸ US) (13/655)...
2026-01-28 16:17:30,014 - INFO - Scanning WBD (ðŸ‡ºðŸ‡¸ US) (14/655)...
2026-01-28 16:17:30,231 - INFO - Scanning INTC (ðŸ‡ºðŸ‡¸ US) (15/655)...
2026-01-28 16:17:30,527 - INFO - Scanning MMM (ðŸ‡ºðŸ‡¸ US) (16/655)...
2026-01-28 16:17:30,926 - INFO - Scanning AOS (ðŸ‡ºðŸ‡¸ US) (17/655)...
2026-01-28 16:17:31,362 - INFO - Scanning ABT (ðŸ‡ºðŸ‡¸ US) (18/655)...
2026-01-28 16:17:31,815 - INFO - Scanning ABBV (ðŸ‡ºðŸ‡¸ US) (19/655)...
2026-01-28 16:17:32,120 - INFO - Scanning ACN (ðŸ‡ºðŸ‡¸ US) (20/655)...
2026-01-28 16:17:32,431 - INFO - Scanning ADBE (ðŸ‡ºðŸ‡¸ US) (21/655)...
2026-01-28 16:17:32,703 - INFO - Scanning AMD (ðŸ‡ºðŸ‡¸ US) (22/655)...
2026-01-28 16:17:32,928 - INFO - Scanning AES (ðŸ‡ºðŸ‡¸ US) (23/655)...
2026-01-28 16:17:33,235 - INFO - Scanning AFL (ðŸ‡ºðŸ‡¸ US) (24/655)...
2026-01-28 16:17:33,557 - INFO - Scanning A (ðŸ‡ºðŸ‡¸ US) (25/655)...
2026-01-28 16:17:33,835 - INFO - Scanning APD (ðŸ‡ºðŸ‡¸ US) (26/655)...
2026-01-28 16:17:34,213 - INFO - Scanning ABNB (ðŸ‡ºðŸ‡¸ US) (27/655)...
2026-01-28 16:17:34,434 - INFO - Scanning AKAM (ðŸ‡ºðŸ‡¸ US) (28/655)...
2026-01-28 16:17:34,659 - INFO - Scanning ALB (ðŸ‡ºðŸ‡¸ US) (29/655)...
2026-01-28 16:17:34,964 - INFO - Scanning ARE (ðŸ‡ºðŸ‡¸ US) (30/655)...
2026-01-28 16:17:35,249 - INFO - Scanning ALGN (ðŸ‡ºðŸ‡¸ US) (31/655)...
2026-01-28 16:17:35,511 - INFO - Scanning ALLE (ðŸ‡ºðŸ‡¸ US) (32/655)...
2026-01-28 16:17:35,860 - INFO - Scanning LNT (ðŸ‡ºðŸ‡¸ US) (33/655)...
2026-01-28 16:17:36,335 - INFO - Scanning ALL (ðŸ‡ºðŸ‡¸ US) (34/655)...
2026-01-28 16:17:36,681 - INFO - Scanning GOOGL (ðŸ‡ºðŸ‡¸ US) (35/655)...
2026-01-28 16:17:37,161 - INFO - Scanning GOOG (ðŸ‡ºðŸ‡¸ US) (36/655)...
2026-01-28 16:17:37,451 - INFO - Scanning MO (ðŸ‡ºðŸ‡¸ US) (37/655)...
2026-01-28 16:17:37,840 - INFO - Scanning AMZN (ðŸ‡ºðŸ‡¸ US) (38/655)...
2026-01-28 16:17:38,060 - INFO - Scanning AMCR (ðŸ‡ºðŸ‡¸ US) (39/655)...
2026-01-28 16:17:38,364 - INFO - Scanning AEE (ðŸ‡ºðŸ‡¸ US) (40/655)...
2026-01-28 16:17:38,657 - INFO - Scanning AEP (ðŸ‡ºðŸ‡¸ US) (41/655)...
2026-01-28 16:17:39,119 - INFO - Scanning AXP (ðŸ‡ºðŸ‡¸ US) (42/655)...
2026-01-28 16:17:39,484 - INFO - Scanning AIG (ðŸ‡ºðŸ‡¸ US) (43/655)...
2026-01-28 16:17:39,808 - INFO - Scanning AMT (ðŸ‡ºðŸ‡¸ US) (44/655)...
2026-01-28 16:17:40,060 - INFO - Scanning AWK (ðŸ‡ºðŸ‡¸ US) (45/655)...
2026-01-28 16:17:40,327 - INFO - Scanning AMP (ðŸ‡ºðŸ‡¸ US) (46/655)...
2026-01-28 16:17:40,652 - INFO - Scanning AME (ðŸ‡ºðŸ‡¸ US) (47/655)...
2026-01-28 16:17:41,080 - INFO - Scanning AMGN (ðŸ‡ºðŸ‡¸ US) (48/655)...
2026-01-28 16:17:41,380 - INFO - Scanning APH (ðŸ‡ºðŸ‡¸ US) (49/655)...
2026-01-28 16:17:41,628 - INFO - Scanning ADI (ðŸ‡ºðŸ‡¸ US) (50/655)...
2026-01-28 16:17:41,906 - INFO - Scanning AON (ðŸ‡ºðŸ‡¸ US) (51/655)...
2026-01-28 16:17:42,226 - INFO - Scanning APA (ðŸ‡ºðŸ‡¸ US) (52/655)...
2026-01-28 16:17:42,543 - INFO - Scanning APO (ðŸ‡ºðŸ‡¸ US) (53/655)...
2026-01-28 16:17:42,793 - INFO - Scanning AAPL (ðŸ‡ºðŸ‡¸ US) (54/655)...
2026-01-28 16:17:43,117 - INFO - Scanning AMAT (ðŸ‡ºðŸ‡¸ US) (55/655)...
2026-01-28 16:17:43,427 - INFO - Scanning APP (ðŸ‡ºðŸ‡¸ US) (56/655)...
2026-01-28 16:17:43,645 - INFO - Scanning APTV (ðŸ‡ºðŸ‡¸ US) (57/655)...
2026-01-28 16:17:43,916 - INFO - Scanning ACGL (ðŸ‡ºðŸ‡¸ US) (58/655)...
2026-01-28 16:17:44,144 - INFO - Scanning ADM (ðŸ‡ºðŸ‡¸ US) (59/655)...
2026-01-28 16:17:44,463 - INFO - Scanning ARES (ðŸ‡ºðŸ‡¸ US) (60/655)...
2026-01-28 16:17:44,712 - INFO - Scanning ANET (ðŸ‡ºðŸ‡¸ US) (61/655)...
2026-01-28 16:17:44,919 - INFO - Scanning AJG (ðŸ‡ºðŸ‡¸ US) (62/655)...
2026-01-28 16:17:45,215 - INFO - Scanning AIZ (ðŸ‡ºðŸ‡¸ US) (63/655)...
2026-01-28 16:17:45,486 - INFO - Scanning T (ðŸ‡ºðŸ‡¸ US) (64/655)...
2026-01-28 16:17:45,809 - INFO - Scanning ATO (ðŸ‡ºðŸ‡¸ US) (65/655)...
2026-01-28 16:17:46,098 - INFO - Scanning ADSK (ðŸ‡ºðŸ‡¸ US) (66/655)...
2026-01-28 16:17:46,354 - INFO - Scanning ADP (ðŸ‡ºðŸ‡¸ US) (67/655)...
2026-01-28 16:17:46,707 - INFO - Scanning AZO (ðŸ‡ºðŸ‡¸ US) (68/655)...
2026-01-28 16:17:46,937 - INFO - Scanning AVB (ðŸ‡ºðŸ‡¸ US) (69/655)...
2026-01-28 16:17:47,230 - INFO - Scanning AVY (ðŸ‡ºðŸ‡¸ US) (70/655)...
2026-01-28 16:17:47,712 - INFO - Scanning AXON (ðŸ‡ºðŸ‡¸ US) (71/655)...
2026-01-28 16:17:47,928 - INFO - Scanning BKR (ðŸ‡ºðŸ‡¸ US) (72/655)...
2026-01-28 16:17:48,230 - INFO - Scanning BALL (ðŸ‡ºðŸ‡¸ US) (73/655)...
2026-01-28 16:17:48,619 - INFO - Scanning BAC (ðŸ‡ºðŸ‡¸ US) (74/655)...
2026-01-28 16:17:48,974 - INFO - Scanning BAX (ðŸ‡ºðŸ‡¸ US) (75/655)...
2026-01-28 16:17:49,371 - INFO - Scanning BDX (ðŸ‡ºðŸ‡¸ US) (76/655)...
2026-01-28 16:17:49,863 - INFO - Scanning BRK.B (ðŸ‡ºðŸ‡¸ US) (77/655)...
2026-01-28 16:17:50,253 - ERROR - $BRK.B: possibly delisted; no timezone found
2026-01-28 16:17:50,253 - INFO - Scanning BBY (ðŸ‡ºðŸ‡¸ US) (78/655)...
2026-01-28 16:17:50,540 - INFO - Scanning TECH (ðŸ‡ºðŸ‡¸ US) (79/655)...
2026-01-28 16:17:50,860 - INFO - Scanning BLK (ðŸ‡ºðŸ‡¸ US) (80/655)...
2026-01-28 16:17:51,131 - INFO - Scanning BX (ðŸ‡ºðŸ‡¸ US) (81/655)...
2026-01-28 16:17:51,423 - INFO - Scanning XYZ (ðŸ‡ºðŸ‡¸ US) (82/655)...
2026-01-28 16:17:51,628 - INFO - Scanning BK (ðŸ‡ºðŸ‡¸ US) (83/655)...
2026-01-28 16:17:51,954 - INFO - Scanning BA (ðŸ‡ºðŸ‡¸ US) (84/655)...
2026-01-28 16:17:52,335 - INFO - Scanning BKNG (ðŸ‡ºðŸ‡¸ US) (85/655)...
2026-01-28 16:17:52,613 - INFO - Scanning BSX (ðŸ‡ºðŸ‡¸ US) (86/655)...
2026-01-28 16:17:52,821 - INFO - Scanning BMY (ðŸ‡ºðŸ‡¸ US) (87/655)...
2026-01-28 16:17:53,186 - INFO - Scanning AVGO (ðŸ‡ºðŸ‡¸ US) (88/655)...
2026-01-28 16:17:53,429 - INFO - Scanning BR (ðŸ‡ºðŸ‡¸ US) (89/655)...
2026-01-28 16:17:53,749 - INFO - Scanning BRO (ðŸ‡ºðŸ‡¸ US) (90/655)...
2026-01-28 16:17:54,159 - INFO - Scanning BF.B (ðŸ‡ºðŸ‡¸ US) (91/655)...
2026-01-28 16:17:54,293 - ERROR - $BF.B: possibly delisted; no price data found  (1d 2025-01-28 16:17:26.276917 -> 2026-01-28 16:17:26.276917)
2026-01-28 16:17:54,293 - INFO - Scanning BLDR (ðŸ‡ºðŸ‡¸ US) (92/655)...
2026-01-28 16:17:54,519 - INFO - Scanning BG (ðŸ‡ºðŸ‡¸ US) (93/655)...
2026-01-28 16:17:54,806 - INFO - Scanning BXP (ðŸ‡ºðŸ‡¸ US) (94/655)...
2026-01-28 16:17:55,152 - INFO - Scanning CHRW (ðŸ‡ºðŸ‡¸ US) (95/655)...
2026-01-28 16:17:55,515 - INFO - Scanning CDNS (ðŸ‡ºðŸ‡¸ US) (96/655)...
2026-01-28 16:17:55,723 - INFO - Scanning CPT (ðŸ‡ºðŸ‡¸ US) (97/655)...
2026-01-28 16:17:56,061 - INFO - Scanning CPB (ðŸ‡ºðŸ‡¸ US) (98/655)...
2026-01-28 16:17:56,450 - INFO - Scanning COF (ðŸ‡ºðŸ‡¸ US) (99/655)...
2026-01-28 16:17:56,763 - INFO - Scanning CAH (ðŸ‡ºðŸ‡¸ US) (100/655)...
2026-01-28 16:17:57,318 - INFO - Scanning CCL (ðŸ‡ºðŸ‡¸ US) (101/655)...
2026-01-28 16:17:57,654 - INFO - Scanning CARR (ðŸ‡ºðŸ‡¸ US) (102/655)...
2026-01-28 16:17:57,878 - INFO - Scanning CVNA (ðŸ‡ºðŸ‡¸ US) (103/655)...
2026-01-28 16:17:58,137 - INFO - Scanning CAT (ðŸ‡ºðŸ‡¸ US) (104/655)...
2026-01-28 16:17:58,598 - INFO - Scanning CBOE (ðŸ‡ºðŸ‡¸ US) (105/655)...
2026-01-28 16:17:58,975 - INFO - Scanning CBRE (ðŸ‡ºðŸ‡¸ US) (106/655)...
2026-01-28 16:17:59,261 - INFO - Scanning COR (ðŸ‡ºðŸ‡¸ US) (107/655)...
2026-01-28 16:17:59,599 - INFO - Scanning CNC (ðŸ‡ºðŸ‡¸ US) (108/655)...
2026-01-28 16:18:00,086 - INFO - Scanning CNP (ðŸ‡ºðŸ‡¸ US) (109/655)...
2026-01-28 16:18:00,507 - INFO - Scanning CF (ðŸ‡ºðŸ‡¸ US) (110/655)...
2026-01-28 16:18:00,778 - INFO - Scanning CRL (ðŸ‡ºðŸ‡¸ US) (111/655)...
2026-01-28 16:18:00,992 - INFO - Scanning SCHW (ðŸ‡ºðŸ‡¸ US) (112/655)...
2026-01-28 16:18:01,308 - INFO - Scanning CHTR (ðŸ‡ºðŸ‡¸ US) (113/655)...
2026-01-28 16:18:01,521 - INFO - Scanning CVX (ðŸ‡ºðŸ‡¸ US) (114/655)...
2026-01-28 16:18:01,876 - INFO - Scanning CMG (ðŸ‡ºðŸ‡¸ US) (115/655)...
2026-01-28 16:18:02,139 - INFO - Scanning CB (ðŸ‡ºðŸ‡¸ US) (116/655)...
2026-01-28 16:18:02,439 - INFO - Scanning CHD (ðŸ‡ºðŸ‡¸ US) (117/655)...
2026-01-28 16:18:02,759 - INFO - Scanning CI (ðŸ‡ºðŸ‡¸ US) (118/655)...
2026-01-28 16:18:03,097 - INFO - Scanning CINF (ðŸ‡ºðŸ‡¸ US) (119/655)...
2026-01-28 16:18:03,544 - INFO - Scanning CTAS (ðŸ‡ºðŸ‡¸ US) (120/655)...
2026-01-28 16:18:03,905 - INFO - Scanning CSCO (ðŸ‡ºðŸ‡¸ US) (121/655)...
2026-01-28 16:18:04,161 - INFO - Scanning C (ðŸ‡ºðŸ‡¸ US) (122/655)...
2026-01-28 16:18:04,538 - INFO - Scanning CFG (ðŸ‡ºðŸ‡¸ US) (123/655)...
2026-01-28 16:18:04,795 - INFO - Scanning CLX (ðŸ‡ºðŸ‡¸ US) (124/655)...
2026-01-28 16:18:05,266 - INFO - Scanning CME (ðŸ‡ºðŸ‡¸ US) (125/655)...
2026-01-28 16:18:05,587 - INFO - Scanning CMS (ðŸ‡ºðŸ‡¸ US) (126/655)...
2026-01-28 16:18:05,961 - INFO - Scanning KO (ðŸ‡ºðŸ‡¸ US) (127/655)...
2026-01-28 16:18:06,489 - INFO - Scanning CTSH (ðŸ‡ºðŸ‡¸ US) (128/655)...
2026-01-28 16:18:06,826 - INFO - Scanning COIN (ðŸ‡ºðŸ‡¸ US) (129/655)...
2026-01-28 16:18:07,046 - INFO - Scanning CL (ðŸ‡ºðŸ‡¸ US) (130/655)...
2026-01-28 16:18:07,416 - INFO - Scanning CMCSA (ðŸ‡ºðŸ‡¸ US) (131/655)...
2026-01-28 16:18:07,758 - INFO - Scanning FIX (ðŸ‡ºðŸ‡¸ US) (132/655)...
2026-01-28 16:18:08,036 - INFO - Scanning CAG (ðŸ‡ºðŸ‡¸ US) (133/655)...
2026-01-28 16:18:08,401 - INFO - Scanning COP (ðŸ‡ºðŸ‡¸ US) (134/655)...
2026-01-28 16:18:08,730 - INFO - Scanning ED (ðŸ‡ºðŸ‡¸ US) (135/655)...
2026-01-28 16:18:09,117 - INFO - Scanning STZ (ðŸ‡ºðŸ‡¸ US) (136/655)...
2026-01-28 16:18:09,382 - INFO - Scanning CEG (ðŸ‡ºðŸ‡¸ US) (137/655)...
2026-01-28 16:18:09,638 - INFO - Scanning COO (ðŸ‡ºðŸ‡¸ US) (138/655)...
2026-01-28 16:18:09,938 - INFO - Scanning CPRT (ðŸ‡ºðŸ‡¸ US) (139/655)...
2026-01-28 16:18:10,341 - INFO - Scanning GLW (ðŸ‡ºðŸ‡¸ US) (140/655)...
2026-01-28 16:18:10,653 - INFO - Scanning CPAY (ðŸ‡ºðŸ‡¸ US) (141/655)...
2026-01-28 16:18:10,863 - INFO - Scanning CTVA (ðŸ‡ºðŸ‡¸ US) (142/655)...
2026-01-28 16:18:11,089 - INFO - Scanning CSGP (ðŸ‡ºðŸ‡¸ US) (143/655)...
2026-01-28 16:18:11,301 - INFO - Scanning COST (ðŸ‡ºðŸ‡¸ US) (144/655)...
2026-01-28 16:18:11,646 - INFO - Scanning CTRA (ðŸ‡ºðŸ‡¸ US) (145/655)...
2026-01-28 16:18:11,991 - INFO - Scanning CRH (ðŸ‡ºðŸ‡¸ US) (146/655)...
2026-01-28 16:18:12,344 - INFO - Scanning CRWD (ðŸ‡ºðŸ‡¸ US) (147/655)...
2026-01-28 16:18:12,575 - INFO - Scanning CCI (ðŸ‡ºðŸ‡¸ US) (148/655)...
2026-01-28 16:18:12,815 - INFO - Scanning CSX (ðŸ‡ºðŸ‡¸ US) (149/655)...
2026-01-28 16:18:13,140 - INFO - Scanning CMI (ðŸ‡ºðŸ‡¸ US) (150/655)...
2026-01-28 16:18:13,507 - INFO - Scanning CVS (ðŸ‡ºðŸ‡¸ US) (151/655)...
2026-01-28 16:18:13,931 - INFO - Scanning DHR (ðŸ‡ºðŸ‡¸ US) (152/655)...
2026-01-28 16:18:14,243 - INFO - Scanning DRI (ðŸ‡ºðŸ‡¸ US) (153/655)...
2026-01-28 16:18:14,597 - INFO - Scanning DDOG (ðŸ‡ºðŸ‡¸ US) (154/655)...
2026-01-28 16:18:14,809 - INFO - Scanning DVA (ðŸ‡ºðŸ‡¸ US) (155/655)...
2026-01-28 16:18:15,067 - INFO - Scanning DAY (ðŸ‡ºðŸ‡¸ US) (156/655)...
2026-01-28 16:18:15,289 - INFO - Scanning DECK (ðŸ‡ºðŸ‡¸ US) (157/655)...
2026-01-28 16:18:15,553 - INFO - Scanning DE (ðŸ‡ºðŸ‡¸ US) (158/655)...
2026-01-28 16:18:16,008 - INFO - Scanning DELL (ðŸ‡ºðŸ‡¸ US) (159/655)...
2026-01-28 16:18:16,226 - INFO - Scanning DAL (ðŸ‡ºðŸ‡¸ US) (160/655)...
2026-01-28 16:18:16,490 - INFO - Scanning DVN (ðŸ‡ºðŸ‡¸ US) (161/655)...
2026-01-28 16:18:16,838 - INFO - Scanning DXCM (ðŸ‡ºðŸ‡¸ US) (162/655)...
2026-01-28 16:18:17,048 - INFO - Scanning FANG (ðŸ‡ºðŸ‡¸ US) (163/655)...
2026-01-28 16:18:17,456 - INFO - Scanning DLR (ðŸ‡ºðŸ‡¸ US) (164/655)...
2026-01-28 16:18:17,743 - INFO - Scanning DG (ðŸ‡ºðŸ‡¸ US) (165/655)...
2026-01-28 16:18:17,984 - INFO - Scanning DLTR (ðŸ‡ºðŸ‡¸ US) (166/655)...
2026-01-28 16:18:18,252 - INFO - Scanning D (ðŸ‡ºðŸ‡¸ US) (167/655)...
2026-01-28 16:18:18,607 - INFO - Scanning DPZ (ðŸ‡ºðŸ‡¸ US) (168/655)...
2026-01-28 16:18:18,864 - INFO - Scanning DASH (ðŸ‡ºðŸ‡¸ US) (169/655)...
2026-01-28 16:18:19,138 - INFO - Scanning DOV (ðŸ‡ºðŸ‡¸ US) (170/655)...
2026-01-28 16:18:19,489 - INFO - Scanning DOW (ðŸ‡ºðŸ‡¸ US) (171/655)...
2026-01-28 16:18:19,719 - INFO - Scanning DHI (ðŸ‡ºðŸ‡¸ US) (172/655)...
2026-01-28 16:18:20,058 - INFO - Scanning DTE (ðŸ‡ºðŸ‡¸ US) (173/655)...
2026-01-28 16:18:20,467 - INFO - Scanning DUK (ðŸ‡ºðŸ‡¸ US) (174/655)...
2026-01-28 16:18:20,797 - INFO - Scanning DD (ðŸ‡ºðŸ‡¸ US) (175/655)...
2026-01-28 16:18:21,270 - INFO - Scanning ETN (ðŸ‡ºðŸ‡¸ US) (176/655)...
2026-01-28 16:18:21,607 - INFO - Scanning EBAY (ðŸ‡ºðŸ‡¸ US) (177/655)...
2026-01-28 16:18:21,845 - INFO - Scanning ECL (ðŸ‡ºðŸ‡¸ US) (178/655)...
2026-01-28 16:18:22,171 - INFO - Scanning EIX (ðŸ‡ºðŸ‡¸ US) (179/655)...
2026-01-28 16:18:22,557 - INFO - Scanning EW (ðŸ‡ºðŸ‡¸ US) (180/655)...
2026-01-28 16:18:22,892 - INFO - Scanning EA (ðŸ‡ºðŸ‡¸ US) (181/655)...
2026-01-28 16:18:23,122 - INFO - Scanning ELV (ðŸ‡ºðŸ‡¸ US) (182/655)...
2026-01-28 16:18:23,440 - INFO - Scanning EME (ðŸ‡ºðŸ‡¸ US) (183/655)...
2026-01-28 16:18:23,738 - INFO - Scanning EMR (ðŸ‡ºðŸ‡¸ US) (184/655)...
2026-01-28 16:18:24,147 - INFO - Scanning ETR (ðŸ‡ºðŸ‡¸ US) (185/655)...
2026-01-28 16:18:24,581 - INFO - Scanning EOG (ðŸ‡ºðŸ‡¸ US) (186/655)...
2026-01-28 16:18:24,887 - INFO - Scanning EPAM (ðŸ‡ºðŸ‡¸ US) (187/655)...
2026-01-28 16:18:25,099 - INFO - Scanning EQT (ðŸ‡ºðŸ‡¸ US) (188/655)...
2026-01-28 16:18:25,465 - INFO - Scanning EFX (ðŸ‡ºðŸ‡¸ US) (189/655)...
2026-01-28 16:18:25,833 - INFO - Scanning EQIX (ðŸ‡ºðŸ‡¸ US) (190/655)...
2026-01-28 16:18:26,301 - INFO - Scanning EQR (ðŸ‡ºðŸ‡¸ US) (191/655)...
2026-01-28 16:18:26,599 - INFO - Scanning ERIE (ðŸ‡ºðŸ‡¸ US) (192/655)...
2026-01-28 16:18:26,903 - INFO - Scanning ESS (ðŸ‡ºðŸ‡¸ US) (193/655)...
2026-01-28 16:18:27,207 - INFO - Scanning EL (ðŸ‡ºðŸ‡¸ US) (194/655)...
2026-01-28 16:18:27,515 - INFO - Scanning EG (ðŸ‡ºðŸ‡¸ US) (195/655)...
2026-01-28 16:18:27,837 - INFO - Scanning EVRG (ðŸ‡ºðŸ‡¸ US) (196/655)...
2026-01-28 16:18:28,186 - INFO - Scanning ES (ðŸ‡ºðŸ‡¸ US) (197/655)...
2026-01-28 16:18:28,577 - INFO - Scanning EXC (ðŸ‡ºðŸ‡¸ US) (198/655)...
2026-01-28 16:18:28,892 - INFO - Scanning EXE (ðŸ‡ºðŸ‡¸ US) (199/655)...
2026-01-28 16:18:29,164 - INFO - Scanning EXPE (ðŸ‡ºðŸ‡¸ US) (200/655)...
2026-01-28 16:18:29,535 - INFO - Scanning EXPD (ðŸ‡ºðŸ‡¸ US) (201/655)...
2026-01-28 16:18:29,827 - INFO - Scanning EXR (ðŸ‡ºðŸ‡¸ US) (202/655)...
2026-01-28 16:18:30,189 - INFO - Scanning XOM (ðŸ‡ºðŸ‡¸ US) (203/655)...
2026-01-28 16:18:30,570 - INFO - Scanning FFIV (ðŸ‡ºðŸ‡¸ US) (204/655)...
2026-01-28 16:18:30,839 - INFO - Scanning FDS (ðŸ‡ºðŸ‡¸ US) (205/655)...
2026-01-28 16:18:31,131 - INFO - Scanning FICO (ðŸ‡ºðŸ‡¸ US) (206/655)...
2026-01-28 16:18:31,426 - INFO - Scanning FAST (ðŸ‡ºðŸ‡¸ US) (207/655)...
2026-01-28 16:18:31,739 - INFO - Scanning FRT (ðŸ‡ºðŸ‡¸ US) (208/655)...
2026-01-28 16:18:32,096 - INFO - Scanning FDX (ðŸ‡ºðŸ‡¸ US) (209/655)...
2026-01-28 16:18:32,403 - INFO - Scanning FIS (ðŸ‡ºðŸ‡¸ US) (210/655)...
2026-01-28 16:18:32,760 - INFO - Scanning FITB (ðŸ‡ºðŸ‡¸ US) (211/655)...
2026-01-28 16:18:33,136 - INFO - Scanning FSLR (ðŸ‡ºðŸ‡¸ US) (212/655)...
2026-01-28 16:18:33,402 - INFO - Scanning FE (ðŸ‡ºðŸ‡¸ US) (213/655)...
2026-01-28 16:18:33,711 - INFO - Scanning FISV (ðŸ‡ºðŸ‡¸ US) (214/655)...
2026-01-28 16:18:33,916 - INFO - Scanning F (ðŸ‡ºðŸ‡¸ US) (215/655)...
2026-01-28 16:18:34,379 - INFO - Scanning FTNT (ðŸ‡ºðŸ‡¸ US) (216/655)...
2026-01-28 16:18:34,627 - INFO - Scanning FTV (ðŸ‡ºðŸ‡¸ US) (217/655)...
2026-01-28 16:18:34,872 - INFO - Scanning FOXA (ðŸ‡ºðŸ‡¸ US) (218/655)...
2026-01-28 16:18:35,148 - INFO - Scanning FOX (ðŸ‡ºðŸ‡¸ US) (219/655)...
2026-01-28 16:18:35,430 - INFO - Scanning BEN (ðŸ‡ºðŸ‡¸ US) (220/655)...
2026-01-28 16:18:35,724 - INFO - Scanning FCX (ðŸ‡ºðŸ‡¸ US) (221/655)...
2026-01-28 16:18:36,015 - INFO - Scanning GRMN (ðŸ‡ºðŸ‡¸ US) (222/655)...
2026-01-28 16:18:36,320 - INFO - Scanning IT (ðŸ‡ºðŸ‡¸ US) (223/655)...
2026-01-28 16:18:36,536 - INFO - Scanning GE (ðŸ‡ºðŸ‡¸ US) (224/655)...
2026-01-28 16:18:36,903 - INFO - Scanning GEHC (ðŸ‡ºðŸ‡¸ US) (225/655)...
2026-01-28 16:18:37,178 - INFO - Scanning GEV (ðŸ‡ºðŸ‡¸ US) (226/655)...
2026-01-28 16:18:37,448 - INFO - Scanning GEN (ðŸ‡ºðŸ‡¸ US) (227/655)...
2026-01-28 16:18:37,697 - INFO - Scanning GNRC (ðŸ‡ºðŸ‡¸ US) (228/655)...
2026-01-28 16:18:37,925 - INFO - Scanning GD (ðŸ‡ºðŸ‡¸ US) (229/655)...
2026-01-28 16:18:38,318 - INFO - Scanning GIS (ðŸ‡ºðŸ‡¸ US) (230/655)...
2026-01-28 16:18:38,648 - INFO - Scanning GM (ðŸ‡ºðŸ‡¸ US) (231/655)...
2026-01-28 16:18:39,023 - INFO - Scanning GPC (ðŸ‡ºðŸ‡¸ US) (232/655)...
2026-01-28 16:18:39,347 - INFO - Scanning GILD (ðŸ‡ºðŸ‡¸ US) (233/655)...
2026-01-28 16:18:39,646 - INFO - Scanning GPN (ðŸ‡ºðŸ‡¸ US) (234/655)...
2026-01-28 16:18:39,917 - INFO - Scanning GL (ðŸ‡ºðŸ‡¸ US) (235/655)...
2026-01-28 16:18:40,260 - INFO - Scanning GDDY (ðŸ‡ºðŸ‡¸ US) (236/655)...
2026-01-28 16:18:40,489 - INFO - Scanning GS (ðŸ‡ºðŸ‡¸ US) (237/655)...
2026-01-28 16:18:40,828 - INFO - Scanning HAL (ðŸ‡ºðŸ‡¸ US) (238/655)...
2026-01-28 16:18:41,192 - INFO - Scanning HIG (ðŸ‡ºðŸ‡¸ US) (239/655)...
2026-01-28 16:18:41,530 - INFO - Scanning HAS (ðŸ‡ºðŸ‡¸ US) (240/655)...
2026-01-28 16:18:41,899 - INFO - Scanning HCA (ðŸ‡ºðŸ‡¸ US) (241/655)...
2026-01-28 16:18:42,158 - INFO - Scanning DOC (ðŸ‡ºðŸ‡¸ US) (242/655)...
2026-01-28 16:18:42,521 - INFO - Scanning HSIC (ðŸ‡ºðŸ‡¸ US) (243/655)...
2026-01-28 16:18:42,741 - INFO - Scanning HSY (ðŸ‡ºðŸ‡¸ US) (244/655)...
2026-01-28 16:18:43,062 - INFO - Scanning HPE (ðŸ‡ºðŸ‡¸ US) (245/655)...
2026-01-28 16:18:43,361 - INFO - Scanning HLT (ðŸ‡ºðŸ‡¸ US) (246/655)...
2026-01-28 16:18:43,608 - INFO - Scanning HOLX (ðŸ‡ºðŸ‡¸ US) (247/655)...
2026-01-28 16:18:43,874 - INFO - Scanning HD (ðŸ‡ºðŸ‡¸ US) (248/655)...
2026-01-28 16:18:44,277 - INFO - Scanning HON (ðŸ‡ºðŸ‡¸ US) (249/655)...
2026-01-28 16:18:44,687 - INFO - Scanning HRL (ðŸ‡ºðŸ‡¸ US) (250/655)...
2026-01-28 16:18:45,091 - INFO - Scanning HST (ðŸ‡ºðŸ‡¸ US) (251/655)...
2026-01-28 16:18:45,456 - INFO - Scanning HWM (ðŸ‡ºðŸ‡¸ US) (252/655)...
2026-01-28 16:18:45,791 - INFO - Scanning HPQ (ðŸ‡ºðŸ‡¸ US) (253/655)...
2026-01-28 16:18:46,192 - INFO - Scanning HUBB (ðŸ‡ºðŸ‡¸ US) (254/655)...
2026-01-28 16:18:46,537 - INFO - Scanning HUM (ðŸ‡ºðŸ‡¸ US) (255/655)...
2026-01-28 16:18:46,891 - INFO - Scanning HBAN (ðŸ‡ºðŸ‡¸ US) (256/655)...
2026-01-28 16:18:47,271 - INFO - Scanning HII (ðŸ‡ºðŸ‡¸ US) (257/655)...
2026-01-28 16:18:47,516 - INFO - Scanning IBM (ðŸ‡ºðŸ‡¸ US) (258/655)...
2026-01-28 16:18:47,974 - INFO - Scanning IEX (ðŸ‡ºðŸ‡¸ US) (259/655)...
2026-01-28 16:18:48,278 - INFO - Scanning IDXX (ðŸ‡ºðŸ‡¸ US) (260/655)...
2026-01-28 16:18:48,490 - INFO - Scanning ITW (ðŸ‡ºðŸ‡¸ US) (261/655)...
2026-01-28 16:18:48,804 - INFO - Scanning INCY (ðŸ‡ºðŸ‡¸ US) (262/655)...
2026-01-28 16:18:49,015 - INFO - Scanning IR (ðŸ‡ºðŸ‡¸ US) (263/655)...
2026-01-28 16:18:49,263 - INFO - Scanning PODD (ðŸ‡ºðŸ‡¸ US) (264/655)...
2026-01-28 16:18:49,473 - INFO - Scanning IBKR (ðŸ‡ºðŸ‡¸ US) (265/655)...
2026-01-28 16:18:49,774 - INFO - Scanning ICE (ðŸ‡ºðŸ‡¸ US) (266/655)...
2026-01-28 16:18:50,016 - INFO - Scanning IFF (ðŸ‡ºðŸ‡¸ US) (267/655)...
2026-01-28 16:18:50,393 - INFO - Scanning IP (ðŸ‡ºðŸ‡¸ US) (268/655)...
2026-01-28 16:18:50,802 - INFO - Scanning INTU (ðŸ‡ºðŸ‡¸ US) (269/655)...
2026-01-28 16:18:51,047 - INFO - Scanning ISRG (ðŸ‡ºðŸ‡¸ US) (270/655)...
2026-01-28 16:18:51,268 - INFO - Scanning IVZ (ðŸ‡ºðŸ‡¸ US) (271/655)...
2026-01-28 16:18:51,622 - INFO - Scanning INVH (ðŸ‡ºðŸ‡¸ US) (272/655)...
2026-01-28 16:18:51,900 - INFO - Scanning IQV (ðŸ‡ºðŸ‡¸ US) (273/655)...
2026-01-28 16:18:52,108 - INFO - Scanning IRM (ðŸ‡ºðŸ‡¸ US) (274/655)...
2026-01-28 16:18:52,410 - INFO - Scanning JBHT (ðŸ‡ºðŸ‡¸ US) (275/655)...
2026-01-28 16:18:52,786 - INFO - Scanning JBL (ðŸ‡ºðŸ‡¸ US) (276/655)...
2026-01-28 16:18:53,162 - INFO - Scanning JKHY (ðŸ‡ºðŸ‡¸ US) (277/655)...
2026-01-28 16:18:53,551 - INFO - Scanning J (ðŸ‡ºðŸ‡¸ US) (278/655)...
2026-01-28 16:18:53,807 - INFO - Scanning JNJ (ðŸ‡ºðŸ‡¸ US) (279/655)...
2026-01-28 16:18:54,195 - INFO - Scanning JCI (ðŸ‡ºðŸ‡¸ US) (280/655)...
2026-01-28 16:18:54,576 - INFO - Scanning JPM (ðŸ‡ºðŸ‡¸ US) (281/655)...
2026-01-28 16:18:55,000 - INFO - Scanning KVUE (ðŸ‡ºðŸ‡¸ US) (282/655)...
2026-01-28 16:18:55,237 - INFO - Scanning KDP (ðŸ‡ºðŸ‡¸ US) (283/655)...
2026-01-28 16:18:55,528 - INFO - Scanning KEY (ðŸ‡ºðŸ‡¸ US) (284/655)...
2026-01-28 16:18:55,844 - INFO - Scanning KEYS (ðŸ‡ºðŸ‡¸ US) (285/655)...
2026-01-28 16:18:56,108 - INFO - Scanning KMB (ðŸ‡ºðŸ‡¸ US) (286/655)...
2026-01-28 16:18:56,485 - INFO - Scanning KIM (ðŸ‡ºðŸ‡¸ US) (287/655)...
2026-01-28 16:18:56,775 - INFO - Scanning KMI (ðŸ‡ºðŸ‡¸ US) (288/655)...
2026-01-28 16:18:57,115 - INFO - Scanning KKR (ðŸ‡ºðŸ‡¸ US) (289/655)...
2026-01-28 16:18:57,406 - INFO - Scanning KLAC (ðŸ‡ºðŸ‡¸ US) (290/655)...
2026-01-28 16:18:57,769 - INFO - Scanning KHC (ðŸ‡ºðŸ‡¸ US) (291/655)...
2026-01-28 16:18:58,031 - INFO - Scanning KR (ðŸ‡ºðŸ‡¸ US) (292/655)...
2026-01-28 16:18:58,440 - INFO - Scanning LHX (ðŸ‡ºðŸ‡¸ US) (293/655)...
2026-01-28 16:18:58,748 - INFO - Scanning LH (ðŸ‡ºðŸ‡¸ US) (294/655)...
2026-01-28 16:18:59,055 - INFO - Scanning LRCX (ðŸ‡ºðŸ‡¸ US) (295/655)...
2026-01-28 16:18:59,348 - INFO - Scanning LW (ðŸ‡ºðŸ‡¸ US) (296/655)...
2026-01-28 16:18:59,597 - INFO - Scanning LVS (ðŸ‡ºðŸ‡¸ US) (297/655)...
2026-01-28 16:18:59,850 - INFO - Scanning LDOS (ðŸ‡ºðŸ‡¸ US) (298/655)...
2026-01-28 16:19:00,090 - INFO - Scanning LEN (ðŸ‡ºðŸ‡¸ US) (299/655)...
2026-01-28 16:19:00,410 - INFO - Scanning LII (ðŸ‡ºðŸ‡¸ US) (300/655)...
2026-01-28 16:19:00,681 - INFO - Scanning LLY (ðŸ‡ºðŸ‡¸ US) (301/655)...
2026-01-28 16:19:01,191 - INFO - Scanning LIN (ðŸ‡ºðŸ‡¸ US) (302/655)...
2026-01-28 16:19:01,587 - INFO - Scanning LYV (ðŸ‡ºðŸ‡¸ US) (303/655)...
2026-01-28 16:19:01,868 - INFO - Scanning LMT (ðŸ‡ºðŸ‡¸ US) (304/655)...
2026-01-28 16:19:02,272 - INFO - Scanning L (ðŸ‡ºðŸ‡¸ US) (305/655)...
2026-01-28 16:19:02,581 - INFO - Scanning LOW (ðŸ‡ºðŸ‡¸ US) (306/655)...
2026-01-28 16:19:02,938 - INFO - Scanning LYB (ðŸ‡ºðŸ‡¸ US) (307/655)...
2026-01-28 16:19:03,206 - INFO - Scanning MTB (ðŸ‡ºðŸ‡¸ US) (308/655)...
2026-01-28 16:19:03,533 - INFO - Scanning MPC (ðŸ‡ºðŸ‡¸ US) (309/655)...
2026-01-28 16:19:03,850 - INFO - Scanning MAR (ðŸ‡ºðŸ‡¸ US) (310/655)...
2026-01-28 16:19:04,228 - INFO - Scanning MRSH (ðŸ‡ºðŸ‡¸ US) (311/655)...
2026-01-28 16:19:04,600 - INFO - Scanning MLM (ðŸ‡ºðŸ‡¸ US) (312/655)...
2026-01-28 16:19:04,929 - INFO - Scanning MAS (ðŸ‡ºðŸ‡¸ US) (313/655)...
2026-01-28 16:19:05,270 - INFO - Scanning MA (ðŸ‡ºðŸ‡¸ US) (314/655)...
2026-01-28 16:19:05,529 - INFO - Scanning MTCH (ðŸ‡ºðŸ‡¸ US) (315/655)...
2026-01-28 16:19:05,825 - INFO - Scanning MKC (ðŸ‡ºðŸ‡¸ US) (316/655)...
2026-01-28 16:19:06,150 - INFO - Scanning MCD (ðŸ‡ºðŸ‡¸ US) (317/655)...
2026-01-28 16:19:06,499 - INFO - Scanning MCK (ðŸ‡ºðŸ‡¸ US) (318/655)...
2026-01-28 16:19:06,784 - INFO - Scanning MDT (ðŸ‡ºðŸ‡¸ US) (319/655)...
2026-01-28 16:19:07,160 - INFO - Scanning MRK (ðŸ‡ºðŸ‡¸ US) (320/655)...
2026-01-28 16:19:07,585 - INFO - Scanning META (ðŸ‡ºðŸ‡¸ US) (321/655)...
2026-01-28 16:19:07,809 - INFO - Scanning MET (ðŸ‡ºðŸ‡¸ US) (322/655)...
2026-01-28 16:19:08,138 - INFO - Scanning MTD (ðŸ‡ºðŸ‡¸ US) (323/655)...
2026-01-28 16:19:08,398 - INFO - Scanning MGM (ðŸ‡ºðŸ‡¸ US) (324/655)...
2026-01-28 16:19:08,740 - INFO - Scanning MCHP (ðŸ‡ºðŸ‡¸ US) (325/655)...
2026-01-28 16:19:09,115 - INFO - Scanning MU (ðŸ‡ºðŸ‡¸ US) (326/655)...
2026-01-28 16:19:09,435 - INFO - Scanning MSFT (ðŸ‡ºðŸ‡¸ US) (327/655)...
2026-01-28 16:19:09,712 - INFO - Scanning MAA (ðŸ‡ºðŸ‡¸ US) (328/655)...
2026-01-28 16:19:10,066 - INFO - Scanning MOH (ðŸ‡ºðŸ‡¸ US) (329/655)...
2026-01-28 16:19:10,275 - INFO - Scanning TAP (ðŸ‡ºðŸ‡¸ US) (330/655)...
2026-01-28 16:19:10,638 - INFO - Scanning MDLZ (ðŸ‡ºðŸ‡¸ US) (331/655)...
2026-01-28 16:19:10,974 - INFO - Scanning MPWR (ðŸ‡ºðŸ‡¸ US) (332/655)...
2026-01-28 16:19:11,236 - INFO - Scanning MNST (ðŸ‡ºðŸ‡¸ US) (333/655)...
2026-01-28 16:19:11,506 - INFO - Scanning MCO (ðŸ‡ºðŸ‡¸ US) (334/655)...
2026-01-28 16:19:11,798 - INFO - Scanning MS (ðŸ‡ºðŸ‡¸ US) (335/655)...
2026-01-28 16:19:12,116 - INFO - Scanning MOS (ðŸ‡ºðŸ‡¸ US) (336/655)...
2026-01-28 16:19:12,450 - INFO - Scanning MSI (ðŸ‡ºðŸ‡¸ US) (337/655)...
2026-01-28 16:19:12,834 - INFO - Scanning MSCI (ðŸ‡ºðŸ‡¸ US) (338/655)...
2026-01-28 16:19:13,197 - INFO - Scanning NDAQ (ðŸ‡ºðŸ‡¸ US) (339/655)...
2026-01-28 16:19:13,472 - INFO - Scanning NTAP (ðŸ‡ºðŸ‡¸ US) (340/655)...
2026-01-28 16:19:13,723 - INFO - Scanning NFLX (ðŸ‡ºðŸ‡¸ US) (341/655)...
2026-01-28 16:19:14,034 - INFO - Scanning NEM (ðŸ‡ºðŸ‡¸ US) (342/655)...
2026-01-28 16:19:14,381 - INFO - Scanning NWSA (ðŸ‡ºðŸ‡¸ US) (343/655)...
2026-01-28 16:19:14,673 - INFO - Scanning NWS (ðŸ‡ºðŸ‡¸ US) (344/655)...
2026-01-28 16:19:14,921 - INFO - Scanning NEE (ðŸ‡ºðŸ‡¸ US) (345/655)...
2026-01-28 16:19:15,302 - INFO - Scanning NKE (ðŸ‡ºðŸ‡¸ US) (346/655)...
2026-01-28 16:19:15,667 - INFO - Scanning NI (ðŸ‡ºðŸ‡¸ US) (347/655)...
2026-01-28 16:19:16,031 - INFO - Scanning NDSN (ðŸ‡ºðŸ‡¸ US) (348/655)...
2026-01-28 16:19:16,500 - INFO - Scanning NSC (ðŸ‡ºðŸ‡¸ US) (349/655)...
2026-01-28 16:19:16,899 - INFO - Scanning NTRS (ðŸ‡ºðŸ‡¸ US) (350/655)...
2026-01-28 16:19:17,230 - INFO - Scanning NOC (ðŸ‡ºðŸ‡¸ US) (351/655)...
2026-01-28 16:19:17,541 - INFO - Scanning NCLH (ðŸ‡ºðŸ‡¸ US) (352/655)...
2026-01-28 16:19:17,803 - INFO - Scanning NRG (ðŸ‡ºðŸ‡¸ US) (353/655)...
2026-01-28 16:19:18,115 - INFO - Scanning NUE (ðŸ‡ºðŸ‡¸ US) (354/655)...
2026-01-28 16:19:18,442 - INFO - Scanning NVDA (ðŸ‡ºðŸ‡¸ US) (355/655)...
2026-01-28 16:19:18,690 - INFO - Scanning NVR (ðŸ‡ºðŸ‡¸ US) (356/655)...
2026-01-28 16:19:18,956 - INFO - Scanning NXPI (ðŸ‡ºðŸ‡¸ US) (357/655)...
2026-01-28 16:19:19,199 - INFO - Scanning ORLY (ðŸ‡ºðŸ‡¸ US) (358/655)...
2026-01-28 16:19:19,423 - INFO - Scanning OXY (ðŸ‡ºðŸ‡¸ US) (359/655)...
2026-01-28 16:19:19,808 - INFO - Scanning ODFL (ðŸ‡ºðŸ‡¸ US) (360/655)...
2026-01-28 16:19:20,111 - INFO - Scanning OMC (ðŸ‡ºðŸ‡¸ US) (361/655)...
2026-01-28 16:19:20,435 - INFO - Scanning OKE (ðŸ‡ºðŸ‡¸ US) (362/655)...
2026-01-28 16:19:20,824 - INFO - Scanning ORCL (ðŸ‡ºðŸ‡¸ US) (363/655)...
2026-01-28 16:19:21,182 - INFO - Scanning OTIS (ðŸ‡ºðŸ‡¸ US) (364/655)...
2026-01-28 16:19:21,465 - INFO - Scanning PCAR (ðŸ‡ºðŸ‡¸ US) (365/655)...
2026-01-28 16:19:21,779 - INFO - Scanning PKG (ðŸ‡ºðŸ‡¸ US) (366/655)...
2026-01-28 16:19:22,163 - INFO - Scanning PLTR (ðŸ‡ºðŸ‡¸ US) (367/655)...
2026-01-28 16:19:22,421 - INFO - Scanning PANW (ðŸ‡ºðŸ‡¸ US) (368/655)...
2026-01-28 16:19:22,633 - INFO - Scanning PSKY (ðŸ‡ºðŸ‡¸ US) (369/655)...
2026-01-28 16:19:22,906 - INFO - Scanning PH (ðŸ‡ºðŸ‡¸ US) (370/655)...
2026-01-28 16:19:23,227 - INFO - Scanning PAYX (ðŸ‡ºðŸ‡¸ US) (371/655)...
2026-01-28 16:19:23,634 - INFO - Scanning PAYC (ðŸ‡ºðŸ‡¸ US) (372/655)...
2026-01-28 16:19:23,860 - INFO - Scanning PYPL (ðŸ‡ºðŸ‡¸ US) (373/655)...
2026-01-28 16:19:24,139 - INFO - Scanning PNR (ðŸ‡ºðŸ‡¸ US) (374/655)...
2026-01-28 16:19:24,431 - INFO - Scanning PEP (ðŸ‡ºðŸ‡¸ US) (375/655)...
2026-01-28 16:19:24,848 - INFO - Scanning PFE (ðŸ‡ºðŸ‡¸ US) (376/655)...
2026-01-28 16:19:25,192 - INFO - Scanning PCG (ðŸ‡ºðŸ‡¸ US) (377/655)...
2026-01-28 16:19:25,614 - INFO - Scanning PM (ðŸ‡ºðŸ‡¸ US) (378/655)...
2026-01-28 16:19:25,866 - INFO - Scanning PSX (ðŸ‡ºðŸ‡¸ US) (379/655)...
2026-01-28 16:19:26,134 - INFO - Scanning PNW (ðŸ‡ºðŸ‡¸ US) (380/655)...
2026-01-28 16:19:26,479 - INFO - Scanning PNC (ðŸ‡ºðŸ‡¸ US) (381/655)...
2026-01-28 16:19:26,841 - INFO - Scanning POOL (ðŸ‡ºðŸ‡¸ US) (382/655)...
2026-01-28 16:19:27,155 - INFO - Scanning PPG (ðŸ‡ºðŸ‡¸ US) (383/655)...
2026-01-28 16:19:27,459 - INFO - Scanning PPL (ðŸ‡ºðŸ‡¸ US) (384/655)...
2026-01-28 16:19:27,870 - INFO - Scanning PFG (ðŸ‡ºðŸ‡¸ US) (385/655)...
2026-01-28 16:19:28,178 - INFO - Scanning PG (ðŸ‡ºðŸ‡¸ US) (386/655)...
2026-01-28 16:19:28,546 - INFO - Scanning PGR (ðŸ‡ºðŸ‡¸ US) (387/655)...
2026-01-28 16:19:28,849 - INFO - Scanning PLD (ðŸ‡ºðŸ‡¸ US) (388/655)...
2026-01-28 16:19:29,142 - INFO - Scanning PRU (ðŸ‡ºðŸ‡¸ US) (389/655)...
2026-01-28 16:19:29,460 - INFO - Scanning PEG (ðŸ‡ºðŸ‡¸ US) (390/655)...
2026-01-28 16:19:29,950 - INFO - Scanning PTC (ðŸ‡ºðŸ‡¸ US) (391/655)...
2026-01-28 16:19:30,298 - INFO - Scanning PSA (ðŸ‡ºðŸ‡¸ US) (392/655)...
2026-01-28 16:19:30,622 - INFO - Scanning PHM (ðŸ‡ºðŸ‡¸ US) (393/655)...
2026-01-28 16:19:30,976 - INFO - Scanning PWR (ðŸ‡ºðŸ‡¸ US) (394/655)...
2026-01-28 16:19:31,201 - INFO - Scanning QCOM (ðŸ‡ºðŸ‡¸ US) (395/655)...
2026-01-28 16:19:31,480 - INFO - Scanning DGX (ðŸ‡ºðŸ‡¸ US) (396/655)...
2026-01-28 16:19:31,740 - INFO - Scanning Q (ðŸ‡ºðŸ‡¸ US) (397/655)...
2026-01-28 16:19:31,836 - INFO - Scanning RL (ðŸ‡ºðŸ‡¸ US) (398/655)...
2026-01-28 16:19:32,108 - INFO - Scanning RJF (ðŸ‡ºðŸ‡¸ US) (399/655)...
2026-01-28 16:19:32,421 - INFO - Scanning RTX (ðŸ‡ºðŸ‡¸ US) (400/655)...
2026-01-28 16:19:32,812 - INFO - Scanning O (ðŸ‡ºðŸ‡¸ US) (401/655)...
2026-01-28 16:19:33,145 - INFO - Scanning REG (ðŸ‡ºðŸ‡¸ US) (402/655)...
2026-01-28 16:19:33,440 - INFO - Scanning REGN (ðŸ‡ºðŸ‡¸ US) (403/655)...
2026-01-28 16:19:33,704 - INFO - Scanning RF (ðŸ‡ºðŸ‡¸ US) (404/655)...
2026-01-28 16:19:34,057 - INFO - Scanning RSG (ðŸ‡ºðŸ‡¸ US) (405/655)...
2026-01-28 16:19:34,337 - INFO - Scanning RMD (ðŸ‡ºðŸ‡¸ US) (406/655)...
2026-01-28 16:19:34,577 - INFO - Scanning RVTY (ðŸ‡ºðŸ‡¸ US) (407/655)...
2026-01-28 16:19:34,965 - INFO - Scanning HOOD (ðŸ‡ºðŸ‡¸ US) (408/655)...
2026-01-28 16:19:35,284 - INFO - Scanning ROK (ðŸ‡ºðŸ‡¸ US) (409/655)...
2026-01-28 16:19:35,610 - INFO - Scanning ROL (ðŸ‡ºðŸ‡¸ US) (410/655)...
2026-01-28 16:19:35,982 - INFO - Scanning ROP (ðŸ‡ºðŸ‡¸ US) (411/655)...
2026-01-28 16:19:36,319 - INFO - Scanning ROST (ðŸ‡ºðŸ‡¸ US) (412/655)...
2026-01-28 16:19:36,675 - INFO - Scanning RCL (ðŸ‡ºðŸ‡¸ US) (413/655)...
2026-01-28 16:19:36,978 - INFO - Scanning SPGI (ðŸ‡ºðŸ‡¸ US) (414/655)...
2026-01-28 16:19:37,402 - INFO - Scanning CRM (ðŸ‡ºðŸ‡¸ US) (415/655)...
2026-01-28 16:19:37,751 - INFO - Scanning SNDK (ðŸ‡ºðŸ‡¸ US) (416/655)...
2026-01-28 16:19:37,961 - INFO - Scanning SBAC (ðŸ‡ºðŸ‡¸ US) (417/655)...
2026-01-28 16:19:38,287 - INFO - Scanning SLB (ðŸ‡ºðŸ‡¸ US) (418/655)...
2026-01-28 16:19:38,649 - INFO - Scanning STX (ðŸ‡ºðŸ‡¸ US) (419/655)...
2026-01-28 16:19:38,914 - INFO - Scanning SRE (ðŸ‡ºðŸ‡¸ US) (420/655)...
2026-01-28 16:19:39,190 - INFO - Scanning NOW (ðŸ‡ºðŸ‡¸ US) (421/655)...
2026-01-28 16:19:39,509 - INFO - Scanning SHW (ðŸ‡ºðŸ‡¸ US) (422/655)...
2026-01-28 16:19:39,860 - INFO - Scanning SPG (ðŸ‡ºðŸ‡¸ US) (423/655)...
2026-01-28 16:19:40,144 - INFO - Scanning SWKS (ðŸ‡ºðŸ‡¸ US) (424/655)...
2026-01-28 16:19:40,393 - INFO - Scanning SJM (ðŸ‡ºðŸ‡¸ US) (425/655)...
2026-01-28 16:19:40,828 - INFO - Scanning SW (ðŸ‡ºðŸ‡¸ US) (426/655)...
2026-01-28 16:19:41,061 - INFO - Scanning SNA (ðŸ‡ºðŸ‡¸ US) (427/655)...
2026-01-28 16:19:41,407 - INFO - Scanning SOLV (ðŸ‡ºðŸ‡¸ US) (428/655)...
2026-01-28 16:19:41,722 - INFO - Scanning SO (ðŸ‡ºðŸ‡¸ US) (429/655)...
2026-01-28 16:19:42,073 - INFO - Scanning LUV (ðŸ‡ºðŸ‡¸ US) (430/655)...
2026-01-28 16:19:42,432 - INFO - Scanning SWK (ðŸ‡ºðŸ‡¸ US) (431/655)...
2026-01-28 16:19:42,792 - INFO - Scanning SBUX (ðŸ‡ºðŸ‡¸ US) (432/655)...
2026-01-28 16:19:43,104 - INFO - Scanning STT (ðŸ‡ºðŸ‡¸ US) (433/655)...
2026-01-28 16:19:43,431 - INFO - Scanning STLD (ðŸ‡ºðŸ‡¸ US) (434/655)...
2026-01-28 16:19:43,795 - INFO - Scanning STE (ðŸ‡ºðŸ‡¸ US) (435/655)...
2026-01-28 16:19:44,165 - INFO - Scanning SYK (ðŸ‡ºðŸ‡¸ US) (436/655)...
2026-01-28 16:19:44,537 - INFO - Scanning SMCI (ðŸ‡ºðŸ‡¸ US) (437/655)...
2026-01-28 16:19:44,819 - INFO - Scanning SYF (ðŸ‡ºðŸ‡¸ US) (438/655)...
2026-01-28 16:19:45,060 - INFO - Scanning SNPS (ðŸ‡ºðŸ‡¸ US) (439/655)...
2026-01-28 16:19:45,287 - INFO - Scanning SYY (ðŸ‡ºðŸ‡¸ US) (440/655)...
2026-01-28 16:19:45,696 - INFO - Scanning TMUS (ðŸ‡ºðŸ‡¸ US) (441/655)...
2026-01-28 16:19:45,943 - INFO - Scanning TROW (ðŸ‡ºðŸ‡¸ US) (442/655)...
2026-01-28 16:19:46,309 - INFO - Scanning TTWO (ðŸ‡ºðŸ‡¸ US) (443/655)...
2026-01-28 16:19:46,576 - INFO - Scanning TPR (ðŸ‡ºðŸ‡¸ US) (444/655)...
2026-01-28 16:19:46,900 - INFO - Scanning TRGP (ðŸ‡ºðŸ‡¸ US) (445/655)...
2026-01-28 16:19:47,185 - INFO - Scanning TGT (ðŸ‡ºðŸ‡¸ US) (446/655)...
2026-01-28 16:19:47,520 - INFO - Scanning TEL (ðŸ‡ºðŸ‡¸ US) (447/655)...
2026-01-28 16:19:47,816 - INFO - Scanning TDY (ðŸ‡ºðŸ‡¸ US) (448/655)...
2026-01-28 16:19:48,034 - INFO - Scanning TER (ðŸ‡ºðŸ‡¸ US) (449/655)...
2026-01-28 16:19:48,277 - INFO - Scanning TSLA (ðŸ‡ºðŸ‡¸ US) (450/655)...
2026-01-28 16:19:48,532 - INFO - Scanning TXN (ðŸ‡ºðŸ‡¸ US) (451/655)...
2026-01-28 16:19:48,855 - INFO - Scanning TPL (ðŸ‡ºðŸ‡¸ US) (452/655)...
2026-01-28 16:19:49,168 - INFO - Scanning TXT (ðŸ‡ºðŸ‡¸ US) (453/655)...
2026-01-28 16:19:49,569 - INFO - Scanning TMO (ðŸ‡ºðŸ‡¸ US) (454/655)...
2026-01-28 16:19:49,839 - INFO - Scanning TJX (ðŸ‡ºðŸ‡¸ US) (455/655)...
2026-01-28 16:19:50,190 - INFO - Scanning TKO (ðŸ‡ºðŸ‡¸ US) (456/655)...
2026-01-28 16:19:50,454 - INFO - Scanning TSCO (ðŸ‡ºðŸ‡¸ US) (457/655)...
2026-01-28 16:19:50,732 - INFO - Scanning TT (ðŸ‡ºðŸ‡¸ US) (458/655)...
2026-01-28 16:19:51,066 - INFO - Scanning TDG (ðŸ‡ºðŸ‡¸ US) (459/655)...
2026-01-28 16:19:51,377 - INFO - Scanning TRV (ðŸ‡ºðŸ‡¸ US) (460/655)...
2026-01-28 16:19:51,820 - INFO - Scanning TRMB (ðŸ‡ºðŸ‡¸ US) (461/655)...
2026-01-28 16:19:52,040 - INFO - Scanning TFC (ðŸ‡ºðŸ‡¸ US) (462/655)...
2026-01-28 16:19:52,356 - INFO - Scanning TYL (ðŸ‡ºðŸ‡¸ US) (463/655)...
2026-01-28 16:19:52,625 - INFO - Scanning TSN (ðŸ‡ºðŸ‡¸ US) (464/655)...
2026-01-28 16:19:52,968 - INFO - Scanning USB (ðŸ‡ºðŸ‡¸ US) (465/655)...
2026-01-28 16:19:53,255 - INFO - Scanning UBER (ðŸ‡ºðŸ‡¸ US) (466/655)...
2026-01-28 16:19:53,456 - INFO - Scanning UDR (ðŸ‡ºðŸ‡¸ US) (467/655)...
2026-01-28 16:19:53,771 - INFO - Scanning ULTA (ðŸ‡ºðŸ‡¸ US) (468/655)...
2026-01-28 16:19:54,038 - INFO - Scanning UNP (ðŸ‡ºðŸ‡¸ US) (469/655)...
2026-01-28 16:19:54,396 - INFO - Scanning UAL (ðŸ‡ºðŸ‡¸ US) (470/655)...
2026-01-28 16:19:54,702 - INFO - Scanning UPS (ðŸ‡ºðŸ‡¸ US) (471/655)...
2026-01-28 16:19:55,022 - INFO - Scanning URI (ðŸ‡ºðŸ‡¸ US) (472/655)...
2026-01-28 16:19:55,245 - INFO - Scanning UNH (ðŸ‡ºðŸ‡¸ US) (473/655)...
2026-01-28 16:19:55,531 - INFO - Scanning UHS (ðŸ‡ºðŸ‡¸ US) (474/655)...
2026-01-28 16:19:55,844 - INFO - Scanning VLO (ðŸ‡ºðŸ‡¸ US) (475/655)...
2026-01-28 16:19:56,215 - INFO - Scanning VTR (ðŸ‡ºðŸ‡¸ US) (476/655)...
2026-01-28 16:19:56,547 - INFO - Scanning VLTO (ðŸ‡ºðŸ‡¸ US) (477/655)...
2026-01-28 16:19:56,766 - INFO - Scanning VRSN (ðŸ‡ºðŸ‡¸ US) (478/655)...
2026-01-28 16:19:57,023 - INFO - Scanning VRSK (ðŸ‡ºðŸ‡¸ US) (479/655)...
2026-01-28 16:19:57,311 - INFO - Scanning VZ (ðŸ‡ºðŸ‡¸ US) (480/655)...
2026-01-28 16:19:57,730 - INFO - Scanning VRTX (ðŸ‡ºðŸ‡¸ US) (481/655)...
2026-01-28 16:19:57,985 - INFO - Scanning VTRS (ðŸ‡ºðŸ‡¸ US) (482/655)...
2026-01-28 16:19:58,321 - INFO - Scanning VICI (ðŸ‡ºðŸ‡¸ US) (483/655)...
2026-01-28 16:19:58,558 - INFO - Scanning V (ðŸ‡ºðŸ‡¸ US) (484/655)...
2026-01-28 16:19:58,863 - INFO - Scanning VST (ðŸ‡ºðŸ‡¸ US) (485/655)...
2026-01-28 16:19:59,106 - INFO - Scanning VMC (ðŸ‡ºðŸ‡¸ US) (486/655)...
2026-01-28 16:19:59,443 - INFO - Scanning WRB (ðŸ‡ºðŸ‡¸ US) (487/655)...
2026-01-28 16:19:59,768 - INFO - Scanning GWW (ðŸ‡ºðŸ‡¸ US) (488/655)...
2026-01-28 16:20:00,143 - INFO - Scanning WAB (ðŸ‡ºðŸ‡¸ US) (489/655)...
2026-01-28 16:20:00,510 - INFO - Scanning WMT (ðŸ‡ºðŸ‡¸ US) (490/655)...
2026-01-28 16:20:00,894 - INFO - Scanning DIS (ðŸ‡ºðŸ‡¸ US) (491/655)...
2026-01-28 16:20:01,292 - INFO - Scanning WM (ðŸ‡ºðŸ‡¸ US) (492/655)...
2026-01-28 16:20:01,591 - INFO - Scanning WAT (ðŸ‡ºðŸ‡¸ US) (493/655)...
2026-01-28 16:20:01,856 - INFO - Scanning WEC (ðŸ‡ºðŸ‡¸ US) (494/655)...
2026-01-28 16:20:02,209 - INFO - Scanning WFC (ðŸ‡ºðŸ‡¸ US) (495/655)...
2026-01-28 16:20:02,665 - INFO - Scanning WELL (ðŸ‡ºðŸ‡¸ US) (496/655)...
2026-01-28 16:20:02,974 - INFO - Scanning WST (ðŸ‡ºðŸ‡¸ US) (497/655)...
2026-01-28 16:20:03,292 - INFO - Scanning WDC (ðŸ‡ºðŸ‡¸ US) (498/655)...
2026-01-28 16:20:03,604 - INFO - Scanning WY (ðŸ‡ºðŸ‡¸ US) (499/655)...
2026-01-28 16:20:03,924 - INFO - Scanning WSM (ðŸ‡ºðŸ‡¸ US) (500/655)...
2026-01-28 16:20:04,208 - INFO - Scanning WMB (ðŸ‡ºðŸ‡¸ US) (501/655)...
2026-01-28 16:20:04,547 - INFO - Scanning WTW (ðŸ‡ºðŸ‡¸ US) (502/655)...
2026-01-28 16:20:04,828 - INFO - Scanning WDAY (ðŸ‡ºðŸ‡¸ US) (503/655)...
2026-01-28 16:20:05,136 - INFO - Scanning WYNN (ðŸ‡ºðŸ‡¸ US) (504/655)...
2026-01-28 16:20:05,390 - INFO - Scanning XEL (ðŸ‡ºðŸ‡¸ US) (505/655)...
2026-01-28 16:20:05,755 - INFO - Scanning XYL (ðŸ‡ºðŸ‡¸ US) (506/655)...
2026-01-28 16:20:06,007 - INFO - Scanning YUM (ðŸ‡ºðŸ‡¸ US) (507/655)...
2026-01-28 16:20:06,287 - INFO - Scanning ZBRA (ðŸ‡ºðŸ‡¸ US) (508/655)...
2026-01-28 16:20:06,504 - INFO - Scanning ZBH (ðŸ‡ºðŸ‡¸ US) (509/655)...
2026-01-28 16:20:06,763 - INFO - Scanning ZTS (ðŸ‡ºðŸ‡¸ US) (510/655)...
2026-01-28 16:20:07,007 - INFO - Scanning ASML (ðŸ‡ºðŸ‡¸ US) (511/655)...
2026-01-28 16:20:07,272 - INFO - Scanning MRVL (ðŸ‡ºðŸ‡¸ US) (512/655)...
2026-01-28 16:20:07,573 - INFO - Scanning MELI (ðŸ‡ºðŸ‡¸ US) (513/655)...
2026-01-28 16:20:07,833 - INFO - Scanning CCEP (ðŸ‡ºðŸ‡¸ US) (514/655)...
2026-01-28 16:20:08,248 - INFO - Scanning AZN (ðŸ‡ºðŸ‡¸ US) (515/655)...
2026-01-28 16:20:08,892 - INFO - Scanning TEAM (ðŸ‡ºðŸ‡¸ US) (516/655)...
2026-01-28 16:20:09,096 - INFO - Scanning MDB (ðŸ‡ºðŸ‡¸ US) (517/655)...
2026-01-28 16:20:09,343 - INFO - Scanning ILMN (ðŸ‡ºðŸ‡¸ US) (518/655)...
2026-01-28 16:20:09,648 - INFO - Scanning ARM (ðŸ‡ºðŸ‡¸ US) (519/655)...
2026-01-28 16:20:09,860 - INFO - Scanning ALNY (ðŸ‡ºðŸ‡¸ US) (520/655)...
2026-01-28 16:20:10,120 - INFO - Scanning FER (ðŸ‡ºðŸ‡¸ US) (521/655)...
2026-01-28 16:20:10,419 - INFO - Scanning INSM (ðŸ‡ºðŸ‡¸ US) (522/655)...
2026-01-28 16:20:10,677 - INFO - Scanning PKO.WA (ðŸ‡µðŸ‡± WSE) (523/655)...
2026-01-28 16:20:11,006 - INFO - Scanning PZU.WA (ðŸ‡µðŸ‡± WSE) (524/655)...
2026-01-28 16:20:11,280 - INFO - Scanning PKN.WA (ðŸ‡µðŸ‡± WSE) (525/655)...
2026-01-28 16:20:12,700 - INFO - Scanning KGH.WA (ðŸ‡µðŸ‡± WSE) (526/655)...
2026-01-28 16:20:12,991 - INFO - Scanning PEO.WA (ðŸ‡µðŸ‡± WSE) (527/655)...
2026-01-28 16:20:13,283 - INFO - Scanning CDR.WA (ðŸ‡µðŸ‡± WSE) (528/655)...
2026-01-28 16:20:13,528 - INFO - Scanning ALE.WA (ðŸ‡µðŸ‡± WSE) (529/655)...
2026-01-28 16:20:13,813 - INFO - Scanning DNP.WA (ðŸ‡µðŸ‡± WSE) (530/655)...
2026-01-28 16:20:14,080 - INFO - Scanning LPP.WA (ðŸ‡µðŸ‡± WSE) (531/655)...
2026-01-28 16:20:14,336 - INFO - Scanning PGE.WA (ðŸ‡µðŸ‡± WSE) (532/655)...
2026-01-28 16:20:14,683 - INFO - Scanning JSW.WA (ðŸ‡µðŸ‡± WSE) (533/655)...
2026-01-28 16:20:14,920 - INFO - Scanning CCC.WA (ðŸ‡µðŸ‡± WSE) (534/655)...
2026-01-28 16:20:15,171 - INFO - Scanning CPS.WA (ðŸ‡µðŸ‡± WSE) (535/655)...
2026-01-28 16:20:15,482 - INFO - Scanning OPL.WA (ðŸ‡µðŸ‡± WSE) (536/655)...
2026-01-28 16:20:15,783 - INFO - Scanning MBK.WA (ðŸ‡µðŸ‡± WSE) (537/655)...
2026-01-28 16:20:16,169 - INFO - Scanning KRU.WA (ðŸ‡µðŸ‡± WSE) (538/655)...
2026-01-28 16:20:16,408 - INFO - Scanning BDX.WA (ðŸ‡µðŸ‡± WSE) (539/655)...
2026-01-28 16:20:16,724 - INFO - Scanning KTY.WA (ðŸ‡µðŸ‡± WSE) (540/655)...
2026-01-28 16:20:17,135 - INFO - Scanning ASB.WA (ðŸ‡µðŸ‡± WSE) (541/655)...
2026-01-28 16:20:17,463 - INFO - Scanning 11B.WA (ðŸ‡µðŸ‡± WSE) (542/655)...
2026-01-28 16:20:17,845 - INFO - Scanning ATT.WA (ðŸ‡µðŸ‡± WSE) (543/655)...
2026-01-28 16:20:18,172 - INFO - Scanning CIG.WA (ðŸ‡µðŸ‡± WSE) (544/655)...
2026-01-28 16:20:18,384 - INFO - Scanning EUR.WA (ðŸ‡µðŸ‡± WSE) (545/655)...
2026-01-28 16:20:18,693 - INFO - Scanning ING.WA (ðŸ‡µðŸ‡± WSE) (546/655)...
2026-01-28 16:20:19,028 - INFO - Scanning KER.WA (ðŸ‡µðŸ‡± WSE) (547/655)...
2026-01-28 16:20:19,262 - INFO - Scanning MIL.WA (ðŸ‡µðŸ‡± WSE) (548/655)...
2026-01-28 16:20:19,596 - INFO - Scanning SHEL.L (ðŸ‡¬ðŸ‡§ LSE) (549/655)...
2026-01-28 16:20:19,879 - INFO - Scanning BP.L (ðŸ‡¬ðŸ‡§ LSE) (550/655)...
2026-01-28 16:20:20,259 - INFO - Scanning RIO.L (ðŸ‡¬ðŸ‡§ LSE) (551/655)...
2026-01-28 16:20:20,588 - INFO - Scanning GLEN.L (ðŸ‡¬ðŸ‡§ LSE) (552/655)...
2026-01-28 16:20:20,856 - INFO - Scanning BHP.L (ðŸ‡¬ðŸ‡§ LSE) (553/655)...
2026-01-28 16:20:21,234 - INFO - Scanning ANTO.L (ðŸ‡¬ðŸ‡§ LSE) (554/655)...
2026-01-28 16:20:21,585 - INFO - Scanning HSBA.L (ðŸ‡¬ðŸ‡§ LSE) (555/655)...
2026-01-28 16:20:21,895 - INFO - Scanning BARC.L (ðŸ‡¬ðŸ‡§ LSE) (556/655)...
2026-01-28 16:20:22,317 - INFO - Scanning LLOY.L (ðŸ‡¬ðŸ‡§ LSE) (557/655)...
2026-01-28 16:20:22,644 - INFO - Scanning NWG.L (ðŸ‡¬ðŸ‡§ LSE) (558/655)...
2026-01-28 16:20:22,972 - INFO - Scanning STAN.L (ðŸ‡¬ðŸ‡§ LSE) (559/655)...
2026-01-28 16:20:23,288 - INFO - Scanning LSEG.L (ðŸ‡¬ðŸ‡§ LSE) (560/655)...
2026-01-28 16:20:23,587 - INFO - Scanning PRU.L (ðŸ‡¬ðŸ‡§ LSE) (561/655)...
2026-01-28 16:20:23,990 - INFO - Scanning LGEN.L (ðŸ‡¬ðŸ‡§ LSE) (562/655)...
2026-01-28 16:20:24,319 - INFO - Scanning III.L (ðŸ‡¬ðŸ‡§ LSE) (563/655)...
2026-01-28 16:20:24,642 - INFO - Scanning AZN.L (ðŸ‡¬ðŸ‡§ LSE) (564/655)...
2026-01-28 16:20:25,032 - INFO - Scanning ULVR.L (ðŸ‡¬ðŸ‡§ LSE) (565/655)...
2026-01-28 16:20:25,385 - INFO - Scanning DGE.L (ðŸ‡¬ðŸ‡§ LSE) (566/655)...
2026-01-28 16:20:25,711 - INFO - Scanning BATS.L (ðŸ‡¬ðŸ‡§ LSE) (567/655)...
2026-01-28 16:20:26,081 - INFO - Scanning REL.L (ðŸ‡¬ðŸ‡§ LSE) (568/655)...
2026-01-28 16:20:26,441 - INFO - Scanning TSCO.L (ðŸ‡¬ðŸ‡§ LSE) (569/655)...
2026-01-28 16:20:26,818 - INFO - Scanning SBRY.L (ðŸ‡¬ðŸ‡§ LSE) (570/655)...
2026-01-28 16:20:27,162 - INFO - Scanning BRBY.L (ðŸ‡¬ðŸ‡§ LSE) (571/655)...
2026-01-28 16:20:27,516 - INFO - Scanning NG.L (ðŸ‡¬ðŸ‡§ LSE) (572/655)...
2026-01-28 16:20:27,841 - INFO - Scanning SSE.L (ðŸ‡¬ðŸ‡§ LSE) (573/655)...
2026-01-28 16:20:28,274 - INFO - Scanning BA.L (ðŸ‡¬ðŸ‡§ LSE) (574/655)...
2026-01-28 16:20:28,607 - INFO - Scanning RR.L (ðŸ‡¬ðŸ‡§ LSE) (575/655)...
2026-01-28 16:20:28,999 - INFO - Scanning RKT.L (ðŸ‡¬ðŸ‡§ LSE) (576/655)...
2026-01-28 16:20:29,311 - INFO - Scanning WPP.L (ðŸ‡¬ðŸ‡§ LSE) (577/655)...
2026-01-28 16:20:29,584 - INFO - Scanning EXPN.L (ðŸ‡¬ðŸ‡§ LSE) (578/655)...
2026-01-28 16:20:29,928 - INFO - Scanning CNA.L (ðŸ‡¬ðŸ‡§ LSE) (579/655)...
2026-01-28 16:20:30,224 - INFO - Scanning VOD.L (ðŸ‡¬ðŸ‡§ LSE) (580/655)...
2026-01-28 16:20:30,618 - INFO - Scanning BT-A.L (ðŸ‡¬ðŸ‡§ LSE) (581/655)...
2026-01-28 16:20:31,009 - INFO - Scanning AAL.L (ðŸ‡¬ðŸ‡§ LSE) (582/655)...
2026-01-28 16:20:31,330 - INFO - Scanning GSK.L (ðŸ‡¬ðŸ‡§ LSE) (583/655)...
2026-01-28 16:20:31,655 - INFO - Scanning CPG.L (ðŸ‡¬ðŸ‡§ LSE) (584/655)...
2026-01-28 16:20:31,978 - INFO - Scanning IMB.L (ðŸ‡¬ðŸ‡§ LSE) (585/655)...
2026-01-28 16:20:32,288 - INFO - Scanning MNG.L (ðŸ‡¬ðŸ‡§ LSE) (586/655)...
2026-01-28 16:20:32,524 - INFO - Scanning STJ.L (ðŸ‡¬ðŸ‡§ LSE) (587/655)...
2026-01-28 16:20:32,896 - INFO - Scanning INF.L (ðŸ‡¬ðŸ‡§ LSE) (588/655)...
2026-01-28 16:20:33,175 - INFO - Scanning FERG.L (ðŸ‡¬ðŸ‡§ LSE) (589/655)...
2026-01-28 16:20:33,567 - INFO - Scanning PSN.L (ðŸ‡¬ðŸ‡§ LSE) (590/655)...
2026-01-28 16:20:33,894 - INFO - Scanning AUTO.L (ðŸ‡¬ðŸ‡§ LSE) (591/655)...
2026-01-28 16:20:34,202 - INFO - Scanning SGE.L (ðŸ‡¬ðŸ‡§ LSE) (592/655)...
2026-01-28 16:20:34,525 - INFO - Scanning AV.L (ðŸ‡¬ðŸ‡§ LSE) (593/655)...
2026-01-28 16:20:34,928 - INFO - Scanning ENT.L (ðŸ‡¬ðŸ‡§ LSE) (594/655)...
2026-01-28 16:20:35,252 - INFO - Scanning SPX.L (ðŸ‡¬ðŸ‡§ LSE) (595/655)...
2026-01-28 16:20:35,568 - INFO - Scanning WTB.L (ðŸ‡¬ðŸ‡§ LSE) (596/655)...
2026-01-28 16:20:35,923 - INFO - Scanning CRDA.L (ðŸ‡¬ðŸ‡§ LSE) (597/655)...
2026-01-28 16:20:36,247 - INFO - Scanning TEVA.TA (ðŸ‡®ðŸ‡± TASE) (598/655)...
2026-01-28 16:20:36,520 - INFO - Scanning LUMI.TA (ðŸ‡®ðŸ‡± TASE) (599/655)...
2026-01-28 16:20:36,817 - INFO - Scanning POLI.TA (ðŸ‡®ðŸ‡± TASE) (600/655)...
2026-01-28 16:20:37,106 - INFO - Scanning ESLT.TA (ðŸ‡®ðŸ‡± TASE) (601/655)...
2026-01-28 16:20:37,541 - INFO - Scanning ICL.TA (ðŸ‡®ðŸ‡± TASE) (602/655)...
2026-01-28 16:20:37,846 - INFO - Scanning TATT.TA (ðŸ‡®ðŸ‡± TASE) (603/655)...
2026-01-28 16:20:38,194 - INFO - Scanning AZRG.TA (ðŸ‡®ðŸ‡± TASE) (604/655)...
2026-01-28 16:20:38,504 - INFO - Scanning NICE.TA (ðŸ‡®ðŸ‡± TASE) (605/655)...
2026-01-28 16:20:38,728 - INFO - Scanning FIBI.TA (ðŸ‡®ðŸ‡± TASE) (606/655)...
2026-01-28 16:20:39,025 - INFO - Scanning MZTF.TA (ðŸ‡®ðŸ‡± TASE) (607/655)...
2026-01-28 16:20:39,317 - INFO - Scanning TASE.TA (ðŸ‡®ðŸ‡± TASE) (608/655)...
2026-01-28 16:20:39,646 - INFO - Scanning DLEKG.TA (ðŸ‡®ðŸ‡± TASE) (609/655)...
2026-01-28 16:20:39,950 - INFO - Scanning MLSR.TA (ðŸ‡®ðŸ‡± TASE) (610/655)...
2026-01-28 16:20:40,267 - INFO - Scanning BEZQ.TA (ðŸ‡®ðŸ‡± TASE) (611/655)...
2026-01-28 16:20:40,571 - INFO - Scanning ALHE.TA (ðŸ‡®ðŸ‡± TASE) (612/655)...
2026-01-28 16:20:40,866 - INFO - Scanning ELAL.TA (ðŸ‡®ðŸ‡± TASE) (613/655)...
2026-01-28 16:20:41,167 - INFO - Scanning FTAL.TA (ðŸ‡®ðŸ‡± TASE) (614/655)...
2026-01-28 16:20:41,380 - INFO - Scanning BIGT.TA (ðŸ‡®ðŸ‡± TASE) (615/655)...
2026-01-28 16:20:41,600 - INFO - Scanning ENLT.TA (ðŸ‡®ðŸ‡± TASE) (616/655)...
2026-01-28 16:20:41,873 - INFO - Scanning SAP.DE (ðŸ‡©ðŸ‡ª XETRA) (617/655)...
2026-01-28 16:20:42,224 - INFO - Scanning SIE.DE (ðŸ‡©ðŸ‡ª XETRA) (618/655)...
2026-01-28 16:20:42,493 - INFO - Scanning ALV.DE (ðŸ‡©ðŸ‡ª XETRA) (619/655)...
2026-01-28 16:20:42,830 - INFO - Scanning DTE.DE (ðŸ‡©ðŸ‡ª XETRA) (620/655)...
2026-01-28 16:20:43,122 - INFO - Scanning BAS.DE (ðŸ‡©ðŸ‡ª XETRA) (621/655)...
2026-01-28 16:20:43,426 - INFO - Scanning VOW3.DE (ðŸ‡©ðŸ‡ª XETRA) (622/655)...
2026-01-28 16:20:43,746 - INFO - Scanning BMW.DE (ðŸ‡©ðŸ‡ª XETRA) (623/655)...
2026-01-28 16:20:44,063 - INFO - Scanning MBG.DE (ðŸ‡©ðŸ‡ª XETRA) (624/655)...
2026-01-28 16:20:44,440 - INFO - Scanning ADS.DE (ðŸ‡©ðŸ‡ª XETRA) (625/655)...
2026-01-28 16:20:44,893 - INFO - Scanning PUM.DE (ðŸ‡©ðŸ‡ª XETRA) (626/655)...
2026-01-28 16:20:45,190 - INFO - Scanning DBK.DE (ðŸ‡©ðŸ‡ª XETRA) (627/655)...
2026-01-28 16:20:45,475 - INFO - Scanning CBK.DE (ðŸ‡©ðŸ‡ª XETRA) (628/655)...
2026-01-28 16:20:45,854 - INFO - Scanning DB1.DE (ðŸ‡©ðŸ‡ª XETRA) (629/655)...
2026-01-28 16:20:46,141 - INFO - Scanning BAYN.DE (ðŸ‡©ðŸ‡ª XETRA) (630/655)...
2026-01-28 16:20:46,430 - INFO - Scanning MRK.DE (ðŸ‡©ðŸ‡ª XETRA) (631/655)...
2026-01-28 16:20:46,752 - INFO - Scanning FME.DE (ðŸ‡©ðŸ‡ª XETRA) (632/655)...
2026-01-28 16:20:47,060 - INFO - Scanning FRE.DE (ðŸ‡©ðŸ‡ª XETRA) (633/655)...
2026-01-28 16:20:47,578 - INFO - Scanning IFX.DE (ðŸ‡©ðŸ‡ª XETRA) (634/655)...
2026-01-28 16:20:47,865 - INFO - Scanning SY1.DE (ðŸ‡©ðŸ‡ª XETRA) (635/655)...
2026-01-28 16:20:48,196 - INFO - Scanning AIR.DE (ðŸ‡©ðŸ‡ª XETRA) (636/655)...
2026-01-28 16:20:48,481 - INFO - Scanning MTX.DE (ðŸ‡©ðŸ‡ª XETRA) (637/655)...
2026-01-28 16:20:48,770 - INFO - Scanning RHM.DE (ðŸ‡©ðŸ‡ª XETRA) (638/655)...
2026-01-28 16:20:49,116 - INFO - Scanning SRT.DE (ðŸ‡©ðŸ‡ª XETRA) (639/655)...
2026-01-28 16:20:49,419 - INFO - Scanning HEI.DE (ðŸ‡©ðŸ‡ª XETRA) (640/655)...
2026-01-28 16:20:49,772 - INFO - Scanning BEI.DE (ðŸ‡©ðŸ‡ª XETRA) (641/655)...
2026-01-28 16:20:50,054 - INFO - Scanning EOAN.DE (ðŸ‡©ðŸ‡ª XETRA) (642/655)...
2026-01-28 16:20:50,380 - INFO - Scanning RWE.DE (ðŸ‡©ðŸ‡ª XETRA) (643/655)...
2026-01-28 16:20:50,881 - INFO - Scanning BNR.DE (ðŸ‡©ðŸ‡ª XETRA) (644/655)...
2026-01-28 16:20:51,158 - INFO - Scanning CON.DE (ðŸ‡©ðŸ‡ª XETRA) (645/655)...
2026-01-28 16:20:51,485 - INFO - Scanning DHL.DE (ðŸ‡©ðŸ‡ª XETRA) (646/655)...
2026-01-28 16:20:51,764 - INFO - Scanning HEN.DE (ðŸ‡©ðŸ‡ª XETRA) (647/655)...
2026-01-28 16:20:52,105 - INFO - Scanning HFG.DE (ðŸ‡©ðŸ‡ª XETRA) (648/655)...
2026-01-28 16:20:52,352 - INFO - Scanning MUV2.DE (ðŸ‡©ðŸ‡ª XETRA) (649/655)...
2026-01-28 16:20:52,766 - INFO - Scanning PAH3.DE (ðŸ‡©ðŸ‡ª XETRA) (650/655)...
2026-01-28 16:20:53,084 - INFO - Scanning QIA.DE (ðŸ‡©ðŸ‡ª XETRA) (651/655)...
2026-01-28 16:20:53,345 - INFO - Scanning SHL.DE (ðŸ‡©ðŸ‡ª XETRA) (652/655)...
2026-01-28 16:20:53,594 - INFO - Scanning VNA.DE (ðŸ‡©ðŸ‡ª XETRA) (653/655)...
2026-01-28 16:20:54,234 - INFO - Scanning ZAL.DE (ðŸ‡©ðŸ‡ª XETRA) (654/655)...
2026-01-28 16:20:54,513 - INFO - Scanning HNR1.DE (ðŸ‡©ðŸ‡ª XETRA) (655/655)...
2026-01-28 16:20:54,809 - INFO - 
2026-01-28 16:20:54,809 - INFO - ================================================================================
2026-01-28 16:20:54,809 - INFO - âœ… Found 0 qualified fallen angel candidates
2026-01-28 16:20:54,810 - INFO - ðŸ“§ Sending email to tshprung@gmail.com...
2026-01-28 16:20:55,930 - INFO - âœ… Email sent successfully!
2026-01-28 16:20:55,930 - INFO - 
2026-01-28 16:20:55,930 - INFO - ================================================================================
2026-01-28 16:20:55,930 - INFO - SCAN COMPLETE
2026-01-28 16:20:55,930 - INFO - ================================================================================
