2026-01-28 16:06:05,391 - INFO - 
================================================================================
2026-01-28 16:06:05,391 - INFO - 🔄 AUTOMATED TICKER LIST UPDATE CHECK
2026-01-28 16:06:05,391 - INFO - ================================================================================
2026-01-28 16:06:05,391 - INFO - 
================================================================================
2026-01-28 16:06:05,391 - INFO - S&P 500 COMPARISON
2026-01-28 16:06:05,391 - INFO - ================================================================================
2026-01-28 16:06:05,500 - ERROR - Failed to fetch S&P 500 list: HTTP Error 403: Forbidden
2026-01-28 16:06:05,501 - INFO - 
================================================================================
2026-01-28 16:06:05,502 - INFO - FALLEN ANGEL CANDIDATES VALIDATION
2026-01-28 16:06:05,502 - INFO - ================================================================================
2026-01-28 16:06:05,502 - INFO - 
🔍 Checking 15 Fallen Angel tickers...
2026-01-28 16:06:07,685 - INFO - Progress: 10/15
2026-01-28 16:06:08,803 - INFO - ✅ All fallen angel candidates are valid!
2026-01-28 16:06:08,804 - INFO - 
================================================================================
2026-01-28 16:06:08,804 - INFO - NASDAQ-100 SPOT CHECK
2026-01-28 16:06:08,804 - INFO - ================================================================================
2026-01-28 16:06:08,804 - INFO - 
🔍 Checking 94 NASDAQ-100 tickers...
2026-01-28 16:06:10,499 - INFO - Progress: 10/94
2026-01-28 16:06:12,454 - INFO - Progress: 20/94
2026-01-28 16:06:14,409 - INFO - Progress: 30/94
2026-01-28 16:06:16,376 - INFO - Progress: 40/94
2026-01-28 16:06:18,372 - INFO - Progress: 50/94
2026-01-28 16:06:20,388 - INFO - Progress: 60/94
2026-01-28 16:06:23,622 - INFO - Progress: 70/94
2026-01-28 16:06:25,675 - INFO - Progress: 80/94
2026-01-28 16:06:27,588 - INFO - Progress: 90/94
2026-01-28 16:06:28,510 - INFO - ✅ All NASDAQ-100 tickers are valid!
2026-01-28 16:06:28,510 - INFO - 
================================================================================
TICKER LIST UPDATE REPORT
Generated: 2026-01-28 16:06:28
================================================================================

## 📊 S&P 500 Status
❌ Could not fetch current S&P 500 list

## 🔥 Fallen Angel Candidates
✅ All candidates are valid

## 📈 NASDAQ-100
✅ All tickers are valid

## 🎯 ACTION ITEMS

✅ No action needed - all lists are up to date!

================================================================================
2026-01-28 16:06:28,511 - INFO - 
📄 Report saved to: ticker_update_report_20260128.txt
2026-01-28 16:06:28,511 - INFO - 
✅ ALL CLEAR: No updates needed!
2026-01-28 16:16:02,091 - INFO - 
================================================================================
2026-01-28 16:16:02,091 - INFO - 🔄 AUTOMATED TICKER LIST UPDATE CHECK
2026-01-28 16:16:02,091 - INFO - ================================================================================
2026-01-28 16:16:02,091 - INFO - 
================================================================================
2026-01-28 16:16:02,091 - INFO - S&P 500 COMPARISON
2026-01-28 16:16:02,091 - INFO - ================================================================================
2026-01-28 16:16:02,211 - INFO - ✅ Fetched 503 S&P 500 tickers from Wikipedia
2026-01-28 16:16:02,320 - INFO - 📋 Local list has 503 tickers
2026-01-28 16:16:02,320 - INFO - ✅ S&P 500 list is up to date!
2026-01-28 16:16:02,320 - INFO - 
================================================================================
2026-01-28 16:16:02,320 - INFO - FALLEN ANGEL CANDIDATES VALIDATION
2026-01-28 16:16:02,320 - INFO - ================================================================================
2026-01-28 16:16:02,320 - INFO - 
🔍 Checking 15 Fallen Angel tickers...
2026-01-28 16:16:03,653 - INFO - Progress: 10/15
2026-01-28 16:16:04,551 - INFO - ✅ All fallen angel candidates are valid!
2026-01-28 16:16:04,551 - INFO - 
================================================================================
2026-01-28 16:16:04,551 - INFO - NASDAQ-100 SPOT CHECK
2026-01-28 16:16:04,551 - INFO - ================================================================================
2026-01-28 16:16:04,551 - INFO - 
🔍 Checking 94 NASDAQ-100 tickers...
2026-01-28 16:16:06,109 - INFO - Progress: 10/94
2026-01-28 16:16:07,380 - INFO - Progress: 20/94
2026-01-28 16:16:08,631 - INFO - Progress: 30/94
2026-01-28 16:16:10,011 - INFO - Progress: 40/94
2026-01-28 16:16:11,362 - INFO - Progress: 50/94
2026-01-28 16:16:12,710 - INFO - Progress: 60/94
2026-01-28 16:16:14,094 - INFO - Progress: 70/94
2026-01-28 16:16:15,230 - INFO - Progress: 80/94
2026-01-28 16:16:16,447 - INFO - Progress: 90/94
2026-01-28 16:16:17,162 - INFO - ✅ All NASDAQ-100 tickers are valid!
2026-01-28 16:16:17,163 - INFO - 
================================================================================
TICKER LIST UPDATE REPORT
Generated: 2026-01-28 16:16:17
================================================================================

## 📊 S&P 500 Status
✅ List is up to date

## 🔥 Fallen Angel Candidates
✅ All candidates are valid

## 📈 NASDAQ-100
✅ All tickers are valid

## 🎯 ACTION ITEMS

✅ No action needed - all lists are up to date!

================================================================================
2026-01-28 16:16:17,163 - INFO - 
📄 Report saved to: ticker_update_report_20260128.txt
2026-01-28 16:16:17,163 - INFO - 
✅ ALL CLEAR: No updates needed!
2026-02-02 09:41:49,923 - INFO - 
================================================================================
2026-02-02 09:41:49,924 - INFO - 🔄 AUTOMATED TICKER LIST UPDATE CHECK
2026-02-02 09:41:49,924 - INFO - ================================================================================
2026-02-02 09:41:49,924 - INFO - 
================================================================================
2026-02-02 09:41:49,924 - INFO - S&P 500 COMPARISON
2026-02-02 09:41:49,924 - INFO - ================================================================================
2026-02-02 09:41:50,057 - INFO - ✅ Fetched 503 S&P 500 tickers from Wikipedia
2026-02-02 09:41:50,175 - INFO - 📋 Local list has 503 tickers
2026-02-02 09:41:50,176 - INFO - ✅ S&P 500 list is up to date!
2026-02-02 09:41:50,176 - INFO - 
================================================================================
2026-02-02 09:41:50,176 - INFO - FALLEN ANGEL CANDIDATES VALIDATION
2026-02-02 09:41:50,176 - INFO - ================================================================================
2026-02-02 09:41:50,176 - INFO - 
🔍 Checking 15 Fallen Angel tickers...
2026-02-02 09:41:51,616 - INFO - Progress: 10/15
2026-02-02 09:41:52,500 - INFO - ✅ All fallen angel candidates are valid!
2026-02-02 09:41:52,501 - INFO - 
================================================================================
2026-02-02 09:41:52,501 - INFO - NASDAQ-100 SPOT CHECK
2026-02-02 09:41:52,501 - INFO - ================================================================================
2026-02-02 09:41:52,501 - INFO - 
🔍 Checking 94 NASDAQ-100 tickers...
2026-02-02 09:41:53,847 - INFO - Progress: 10/94
2026-02-02 09:41:55,268 - INFO - Progress: 20/94
2026-02-02 09:41:56,728 - INFO - Progress: 30/94
2026-02-02 09:41:58,321 - INFO - Progress: 40/94
2026-02-02 09:41:59,863 - INFO - Progress: 50/94
2026-02-02 09:42:01,340 - INFO - Progress: 60/94
2026-02-02 09:42:02,809 - INFO - Progress: 70/94
2026-02-02 09:42:04,261 - INFO - Progress: 80/94
2026-02-02 09:42:05,602 - INFO - Progress: 90/94
2026-02-02 09:42:06,361 - INFO - ✅ All NASDAQ-100 tickers are valid!
2026-02-02 09:42:06,361 - INFO - 
================================================================================
TICKER LIST UPDATE REPORT
Generated: 2026-02-02 09:42:06
================================================================================

## 📊 S&P 500 Status
✅ List is up to date

## 🔥 Fallen Angel Candidates
✅ All candidates are valid

## 📈 NASDAQ-100
✅ All tickers are valid

## 🎯 ACTION ITEMS

✅ No action needed - all lists are up to date!

================================================================================
2026-02-02 09:42:06,362 - INFO - 
📄 Report saved to: ticker_update_report_20260202.txt
2026-02-02 09:42:06,362 - INFO - 
✅ ALL CLEAR: No updates needed!
2026-02-09 10:05:30,961 - INFO - 
================================================================================
2026-02-09 10:05:30,961 - INFO - 🔄 AUTOMATED TICKER LIST UPDATE CHECK
2026-02-09 10:05:30,961 - INFO - ================================================================================
2026-02-09 10:05:30,961 - INFO - 
================================================================================
2026-02-09 10:05:30,962 - INFO - S&P 500 COMPARISON
2026-02-09 10:05:30,962 - INFO - ================================================================================
2026-02-09 10:05:31,106 - INFO - ✅ Fetched 503 S&P 500 tickers from Wikipedia
2026-02-09 10:05:31,200 - INFO - 📋 Local list has 503 tickers
2026-02-09 10:05:31,201 - INFO - ✅ S&P 500 list is up to date!
2026-02-09 10:05:31,201 - INFO - 
================================================================================
2026-02-09 10:05:31,201 - INFO - FALLEN ANGEL CANDIDATES VALIDATION
2026-02-09 10:05:31,201 - INFO - ================================================================================
2026-02-09 10:05:31,201 - INFO - 
🔍 Checking 15 Fallen Angel tickers...
2026-02-09 10:05:32,580 - INFO - Progress: 10/15
2026-02-09 10:05:33,466 - INFO - ✅ All fallen angel candidates are valid!
2026-02-09 10:05:33,466 - INFO - 
================================================================================
2026-02-09 10:05:33,466 - INFO - NASDAQ-100 SPOT CHECK
2026-02-09 10:05:33,466 - INFO - ================================================================================
2026-02-09 10:05:33,466 - INFO - 
🔍 Checking 94 NASDAQ-100 tickers...
2026-02-09 10:05:34,943 - INFO - Progress: 10/94
2026-02-09 10:05:36,481 - INFO - Progress: 20/94
2026-02-09 10:05:37,810 - INFO - Progress: 30/94
2026-02-09 10:05:39,199 - INFO - Progress: 40/94
2026-02-09 10:05:40,530 - INFO - Progress: 50/94
2026-02-09 10:05:41,840 - INFO - Progress: 60/94
2026-02-09 10:05:43,225 - INFO - Progress: 70/94
2026-02-09 10:05:44,496 - INFO - Progress: 80/94
2026-02-09 10:05:45,769 - INFO - Progress: 90/94
2026-02-09 10:05:46,422 - INFO - ✅ All NASDAQ-100 tickers are valid!
2026-02-09 10:05:46,422 - INFO - 
================================================================================
TICKER LIST UPDATE REPORT
Generated: 2026-02-09 10:05:46
================================================================================

## 📊 S&P 500 Status
✅ List is up to date

## 🔥 Fallen Angel Candidates
✅ All candidates are valid

## 📈 NASDAQ-100
✅ All tickers are valid

## 🎯 ACTION ITEMS

✅ No action needed - all lists are up to date!

================================================================================
2026-02-09 10:05:46,423 - INFO - 
📄 Report saved to: ticker_update_report_20260209.txt
2026-02-09 10:05:46,423 - INFO - 
✅ ALL CLEAR: No updates needed!
2026-02-16 09:47:59,994 - INFO - 
================================================================================
2026-02-16 09:47:59,994 - INFO - 🔄 AUTOMATED TICKER LIST UPDATE CHECK
2026-02-16 09:47:59,994 - INFO - ================================================================================
2026-02-16 09:47:59,994 - INFO - 
================================================================================
2026-02-16 09:47:59,994 - INFO - S&P 500 COMPARISON
2026-02-16 09:47:59,994 - INFO - ================================================================================
2026-02-16 09:48:00,103 - INFO - ✅ Fetched 503 S&P 500 tickers from Wikipedia
2026-02-16 09:48:00,199 - INFO - 📋 Local list has 503 tickers
2026-02-16 09:48:00,199 - INFO - ✅ S&P 500 list is up to date!
2026-02-16 09:48:00,199 - INFO - 
================================================================================
2026-02-16 09:48:00,199 - INFO - FALLEN ANGEL CANDIDATES VALIDATION
2026-02-16 09:48:00,199 - INFO - ================================================================================
2026-02-16 09:48:00,199 - INFO - 
🔍 Checking 15 Fallen Angel tickers...
2026-02-16 09:48:01,500 - INFO - Progress: 10/15
2026-02-16 09:48:02,359 - INFO - ✅ All fallen angel candidates are valid!
2026-02-16 09:48:02,359 - INFO - 
================================================================================
2026-02-16 09:48:02,359 - INFO - NASDAQ-100 SPOT CHECK
2026-02-16 09:48:02,359 - INFO - ================================================================================
2026-02-16 09:48:02,359 - INFO - 
🔍 Checking 94 NASDAQ-100 tickers...
2026-02-16 09:48:03,527 - INFO - Progress: 10/94
2026-02-16 09:48:04,855 - INFO - Progress: 20/94
2026-02-16 09:48:06,185 - INFO - Progress: 30/94
2026-02-16 09:48:07,496 - INFO - Progress: 40/94
2026-02-16 09:48:08,829 - INFO - Progress: 50/94
2026-02-16 09:48:10,229 - INFO - Progress: 60/94
2026-02-16 09:48:11,547 - INFO - Progress: 70/94
2026-02-16 09:48:12,801 - INFO - Progress: 80/94
2026-02-16 09:48:14,004 - INFO - Progress: 90/94
2026-02-16 09:48:14,656 - INFO - ✅ All NASDAQ-100 tickers are valid!
2026-02-16 09:48:14,657 - INFO - 
================================================================================
TICKER LIST UPDATE REPORT
Generated: 2026-02-16 09:48:14
================================================================================

## 📊 S&P 500 Status
✅ List is up to date

## 🔥 Fallen Angel Candidates
✅ All candidates are valid

## 📈 NASDAQ-100
✅ All tickers are valid

## 🎯 ACTION ITEMS

✅ No action needed - all lists are up to date!

================================================================================
2026-02-16 09:48:14,657 - INFO - 
📄 Report saved to: ticker_update_report_20260216.txt
2026-02-16 09:48:14,657 - INFO - 
✅ ALL CLEAR: No updates needed!
2026-02-23 09:49:53,982 - INFO - 
================================================================================
2026-02-23 09:49:53,982 - INFO - 🔄 AUTOMATED TICKER LIST UPDATE CHECK
2026-02-23 09:49:53,982 - INFO - ================================================================================
2026-02-23 09:49:53,982 - INFO - 
================================================================================
2026-02-23 09:49:53,982 - INFO - S&P 500 COMPARISON
2026-02-23 09:49:53,982 - INFO - ================================================================================
2026-02-23 09:49:54,264 - INFO - ✅ Fetched 503 S&P 500 tickers from Wikipedia
2026-02-23 09:49:54,454 - INFO - 📋 Local list has 503 tickers
2026-02-23 09:49:54,454 - INFO - ✅ S&P 500 list is up to date!
2026-02-23 09:49:54,454 - INFO - 
================================================================================
2026-02-23 09:49:54,454 - INFO - FALLEN ANGEL CANDIDATES VALIDATION
2026-02-23 09:49:54,455 - INFO - ================================================================================
2026-02-23 09:49:54,455 - INFO - 
🔍 Checking 15 Fallen Angel tickers...
2026-02-23 09:49:56,887 - INFO - Progress: 10/15
2026-02-23 09:49:57,990 - INFO - ✅ All fallen angel candidates are valid!
2026-02-23 09:49:57,990 - INFO - 
================================================================================
2026-02-23 09:49:57,990 - INFO - NASDAQ-100 SPOT CHECK
2026-02-23 09:49:57,990 - INFO - ================================================================================
2026-02-23 09:49:57,990 - INFO - 
🔍 Checking 94 NASDAQ-100 tickers...
2026-02-23 09:49:59,630 - INFO - Progress: 10/94
2026-02-23 09:50:01,582 - INFO - Progress: 20/94
2026-02-23 09:50:03,423 - INFO - Progress: 30/94
2026-02-23 09:50:05,475 - INFO - Progress: 40/94
2026-02-23 09:50:07,362 - INFO - Progress: 50/94
2026-02-23 09:50:09,314 - INFO - Progress: 60/94
2026-02-23 09:50:11,221 - INFO - Progress: 70/94
2026-02-23 09:50:12,952 - INFO - Progress: 80/94
2026-02-23 09:50:14,646 - INFO - Progress: 90/94
2026-02-23 09:50:15,563 - INFO - ✅ All NASDAQ-100 tickers are valid!
2026-02-23 09:50:15,563 - INFO - 
================================================================================
TICKER LIST UPDATE REPORT
Generated: 2026-02-23 09:50:15
================================================================================

## 📊 S&P 500 Status
✅ List is up to date

## 🔥 Fallen Angel Candidates
✅ All candidates are valid

## 📈 NASDAQ-100
✅ All tickers are valid

## 🎯 ACTION ITEMS

✅ No action needed - all lists are up to date!

================================================================================
2026-02-23 09:50:15,564 - INFO - 
📄 Report saved to: ticker_update_report_20260223.txt
2026-02-23 09:50:15,564 - INFO - 
✅ ALL CLEAR: No updates needed!
2026-03-02 09:42:23,284 - INFO - 
================================================================================
2026-03-02 09:42:23,284 - INFO - 🔄 AUTOMATED TICKER LIST UPDATE CHECK
2026-03-02 09:42:23,285 - INFO - ================================================================================
2026-03-02 09:42:23,285 - INFO - 
================================================================================
2026-03-02 09:42:23,285 - INFO - S&P 500 COMPARISON
2026-03-02 09:42:23,285 - INFO - ================================================================================
2026-03-02 09:42:23,492 - INFO - ✅ Fetched 503 S&P 500 tickers from Wikipedia
2026-03-02 09:42:23,680 - INFO - 📋 Local list has 503 tickers
2026-03-02 09:42:23,680 - INFO - ✅ S&P 500 list is up to date!
2026-03-02 09:42:23,680 - INFO - 
================================================================================
2026-03-02 09:42:23,681 - INFO - FALLEN ANGEL CANDIDATES VALIDATION
2026-03-02 09:42:23,681 - INFO - ================================================================================
2026-03-02 09:42:23,681 - INFO - 
🔍 Checking 15 Fallen Angel tickers...
2026-03-02 09:42:26,798 - INFO - Progress: 10/15
2026-03-02 09:42:28,561 - INFO - ✅ All fallen angel candidates are valid!
2026-03-02 09:42:28,561 - INFO - 
================================================================================
2026-03-02 09:42:28,561 - INFO - NASDAQ-100 SPOT CHECK
2026-03-02 09:42:28,562 - INFO - ================================================================================
2026-03-02 09:42:28,562 - INFO - 
🔍 Checking 94 NASDAQ-100 tickers...
2026-03-02 09:42:31,107 - INFO - Progress: 10/94
2026-03-02 09:42:33,963 - INFO - Progress: 20/94
2026-03-02 09:42:36,607 - INFO - Progress: 30/94
2026-03-02 09:42:39,365 - INFO - Progress: 40/94
2026-03-02 09:42:42,260 - INFO - Progress: 50/94
2026-03-02 09:42:44,851 - INFO - Progress: 60/94
2026-03-02 09:42:47,541 - INFO - Progress: 70/94
2026-03-02 09:42:50,075 - INFO - Progress: 80/94
2026-03-02 09:42:52,557 - INFO - Progress: 90/94
2026-03-02 09:42:53,934 - INFO - ✅ All NASDAQ-100 tickers are valid!
2026-03-02 09:42:53,934 - INFO - 
================================================================================
TICKER LIST UPDATE REPORT
Generated: 2026-03-02 09:42:53
================================================================================

## 📊 S&P 500 Status
✅ List is up to date

## 🔥 Fallen Angel Candidates
✅ All candidates are valid

## 📈 NASDAQ-100
✅ All tickers are valid

## 🎯 ACTION ITEMS

✅ No action needed - all lists are up to date!

================================================================================
2026-03-02 09:42:53,934 - INFO - 
📄 Report saved to: ticker_update_report_20260302.txt
2026-03-02 09:42:53,934 - INFO - 
✅ ALL CLEAR: No updates needed!
2026-03-09 09:43:30,079 - INFO - 
================================================================================
2026-03-09 09:43:30,079 - INFO - 🔄 AUTOMATED TICKER LIST UPDATE CHECK
2026-03-09 09:43:30,080 - INFO - ================================================================================
2026-03-09 09:43:30,080 - INFO - 
================================================================================
2026-03-09 09:43:30,080 - INFO - S&P 500 COMPARISON
2026-03-09 09:43:30,080 - INFO - ================================================================================
2026-03-09 09:43:30,456 - INFO - ✅ Fetched 503 S&P 500 tickers from Wikipedia
2026-03-09 09:43:30,644 - INFO - 📋 Local list has 503 tickers
2026-03-09 09:43:30,644 - INFO - ✅ S&P 500 list is up to date!
2026-03-09 09:43:30,644 - INFO - 
================================================================================
2026-03-09 09:43:30,644 - INFO - FALLEN ANGEL CANDIDATES VALIDATION
2026-03-09 09:43:30,644 - INFO - ================================================================================
2026-03-09 09:43:30,644 - INFO - 
🔍 Checking 15 Fallen Angel tickers...
2026-03-09 09:43:32,687 - INFO - Progress: 10/15
2026-03-09 09:43:33,803 - INFO - ✅ All fallen angel candidates are valid!
2026-03-09 09:43:33,803 - INFO - 
================================================================================
2026-03-09 09:43:33,804 - INFO - NASDAQ-100 SPOT CHECK
2026-03-09 09:43:33,804 - INFO - ================================================================================
2026-03-09 09:43:33,804 - INFO - 
🔍 Checking 94 NASDAQ-100 tickers...
2026-03-09 09:43:35,550 - INFO - Progress: 10/94
2026-03-09 09:43:37,463 - INFO - Progress: 20/94
2026-03-09 09:43:39,320 - INFO - Progress: 30/94
2026-03-09 09:43:41,140 - INFO - Progress: 40/94
2026-03-09 09:43:43,007 - INFO - Progress: 50/94
2026-03-09 09:43:44,946 - INFO - Progress: 60/94
2026-03-09 09:43:46,828 - INFO - Progress: 70/94
2026-03-09 09:43:48,725 - INFO - Progress: 80/94
2026-03-09 09:43:50,558 - INFO - Progress: 90/94
2026-03-09 09:43:51,586 - INFO - ✅ All NASDAQ-100 tickers are valid!
2026-03-09 09:43:51,586 - INFO - 
================================================================================
TICKER LIST UPDATE REPORT
Generated: 2026-03-09 09:43:51
================================================================================

## 📊 S&P 500 Status
✅ List is up to date

## 🔥 Fallen Angel Candidates
✅ All candidates are valid

## 📈 NASDAQ-100
✅ All tickers are valid

## 🎯 ACTION ITEMS

✅ No action needed - all lists are up to date!

================================================================================
2026-03-09 09:43:51,587 - INFO - 
📄 Report saved to: ticker_update_report_20260309.txt
2026-03-09 09:43:51,587 - INFO - 
✅ ALL CLEAR: No updates needed!
2026-03-16 10:01:19,091 - INFO - 
================================================================================
2026-03-16 10:01:19,091 - INFO - 🔄 AUTOMATED TICKER LIST UPDATE CHECK
2026-03-16 10:01:19,091 - INFO - ================================================================================
2026-03-16 10:01:19,091 - INFO - 
================================================================================
2026-03-16 10:01:19,091 - INFO - S&P 500 COMPARISON
2026-03-16 10:01:19,091 - INFO - ================================================================================
2026-03-16 10:01:19,425 - INFO - ✅ Fetched 503 S&P 500 tickers from Wikipedia
2026-03-16 10:01:19,533 - INFO - 📋 Local list has 503 tickers
2026-03-16 10:01:19,534 - INFO - ✅ S&P 500 list is up to date!
2026-03-16 10:01:19,534 - INFO - 
================================================================================
2026-03-16 10:01:19,534 - INFO - FALLEN ANGEL CANDIDATES VALIDATION
2026-03-16 10:01:19,534 - INFO - ================================================================================
2026-03-16 10:01:19,534 - INFO - 
🔍 Checking 15 Fallen Angel tickers...
2026-03-16 10:01:20,876 - INFO - Progress: 10/15
2026-03-16 10:01:21,726 - INFO - ✅ All fallen angel candidates are valid!
2026-03-16 10:01:21,726 - INFO - 
================================================================================
2026-03-16 10:01:21,726 - INFO - NASDAQ-100 SPOT CHECK
2026-03-16 10:01:21,726 - INFO - ================================================================================
2026-03-16 10:01:21,726 - INFO - 
🔍 Checking 94 NASDAQ-100 tickers...
2026-03-16 10:01:23,024 - INFO - Progress: 10/94
2026-03-16 10:01:24,537 - INFO - Progress: 20/94
2026-03-16 10:01:25,923 - INFO - Progress: 30/94
2026-03-16 10:01:27,430 - INFO - Progress: 40/94
2026-03-16 10:01:28,763 - INFO - Progress: 50/94
2026-03-16 10:01:30,214 - INFO - Progress: 60/94
2026-03-16 10:01:31,683 - INFO - Progress: 70/94
2026-03-16 10:01:32,994 - INFO - Progress: 80/94
2026-03-16 10:01:34,391 - INFO - Progress: 90/94
2026-03-16 10:01:35,108 - INFO - ✅ All NASDAQ-100 tickers are valid!
2026-03-16 10:01:35,108 - INFO - 
================================================================================
TICKER LIST UPDATE REPORT
Generated: 2026-03-16 10:01:35
================================================================================

## 📊 S&P 500 Status
✅ List is up to date

## 🔥 Fallen Angel Candidates
✅ All candidates are valid

## 📈 NASDAQ-100
✅ All tickers are valid

## 🎯 ACTION ITEMS

✅ No action needed - all lists are up to date!

================================================================================
2026-03-16 10:01:35,109 - INFO - 
📄 Report saved to: ticker_update_report_20260316.txt
2026-03-16 10:01:35,109 - INFO - 
✅ ALL CLEAR: No updates needed!
2026-03-23 09:57:59,991 - INFO - 
================================================================================
2026-03-23 09:57:59,992 - INFO - 🔄 AUTOMATED TICKER LIST UPDATE CHECK
2026-03-23 09:57:59,992 - INFO - ================================================================================
2026-03-23 09:57:59,992 - INFO - 
================================================================================
2026-03-23 09:57:59,992 - INFO - S&P 500 COMPARISON
2026-03-23 09:57:59,992 - INFO - ================================================================================
2026-03-23 09:58:00,238 - INFO - ✅ Fetched 503 S&P 500 tickers from Wikipedia
2026-03-23 09:58:00,443 - INFO - 📋 Local list has 503 tickers
2026-03-23 09:58:00,443 - INFO - ✅ S&P 500 list is up to date!
2026-03-23 09:58:00,444 - INFO - 
================================================================================
2026-03-23 09:58:00,444 - INFO - FALLEN ANGEL CANDIDATES VALIDATION
2026-03-23 09:58:00,444 - INFO - ================================================================================
2026-03-23 09:58:00,444 - INFO - 
🔍 Checking 13 Fallen Angel tickers...
2026-03-23 09:58:02,064 - INFO - Progress: 10/13
2026-03-23 09:58:02,730 - INFO - ✅ All fallen angel candidates are valid!
2026-03-23 09:58:02,730 - INFO - 
================================================================================
2026-03-23 09:58:02,730 - INFO - NASDAQ-100 SPOT CHECK
2026-03-23 09:58:02,730 - INFO - ================================================================================
2026-03-23 09:58:02,730 - INFO - 
🔍 Checking 92 NASDAQ-100 tickers...
2026-03-23 09:58:04,223 - INFO - Progress: 10/92
2026-03-23 09:58:05,898 - INFO - Progress: 20/92
2026-03-23 09:58:07,389 - INFO - Progress: 30/92
2026-03-23 09:58:08,930 - INFO - Progress: 40/92
2026-03-23 09:58:10,699 - INFO - Progress: 50/92
2026-03-23 09:58:12,856 - INFO - Progress: 60/92
2026-03-23 09:58:14,649 - INFO - Progress: 70/92
2026-03-23 09:58:16,350 - INFO - Progress: 80/92
2026-03-23 09:58:17,868 - INFO - Progress: 90/92
2026-03-23 09:58:18,477 - INFO - ✅ All NASDAQ-100 tickers are valid!
2026-03-23 09:58:18,477 - INFO - 
================================================================================
TICKER LIST UPDATE REPORT
Generated: 2026-03-23 09:58:18
================================================================================

## 📊 S&P 500 Status
✅ List is up to date

## 🔥 Fallen Angel Candidates
✅ All candidates are valid

## 📈 NASDAQ-100
✅ All tickers are valid

## 🎯 ACTION ITEMS

✅ No action needed - all lists are up to date!

================================================================================
2026-03-23 09:58:18,477 - INFO - 
📄 Report saved to: ticker_update_report_20260323.txt
2026-03-23 09:58:18,477 - INFO - 
✅ ALL CLEAR: No updates needed!
